[2023-07-06 00:12:49.364] [info] Using configuration file /home/delta/.config/waybar/config
[2023-07-06 00:12:49.365] [info] Using CSS file /home/delta/.config/waybar/style.css
[2023-07-06 00:12:49.370] [info] Hyprland IPC starting
ok
ok
ok
ok
ok
ok
ok
ok
ok
ok
ok
ok

(waybar:460785): Gtk-WARNING **: 05:18:32.075: Failed to set text ' Steradlye - Nekos & Stuff' from markup due to error parsing markup: Ошибка в строке 1: Конструкция не заканчивается точкой с запятой; похоже, что символ «&» был использован не для обозначения начала конструкции — экранируйте его как «&amp;

(waybar:460785): Gtk-WARNING **: 05:18:33.122: Failed to set text ' Steradlye - Nekos & Stuff' from markup due to error parsing markup: Ошибка в строке 1: Конструкция не заканчивается точкой с запятой; похоже, что символ «&» был использован не для обозначения начала конструкции — экранируйте его как «&amp;

(waybar:460785): Gtk-WARNING **: 05:18:34.166: Failed to set text ' Steradlye - Nekos & Stuff' from markup due to error parsing markup: Ошибка в строке 1: Конструкция не заканчивается точкой с запятой; похоже, что символ «&» был использован не для обозначения начала конструкции — экранируйте его как «&amp;

(waybar:460785): Gtk-WARNING **: 05:18:35.213: Failed to set text ' Steradlye - Nekos & Stuff' from markup due to error parsing markup: Ошибка в строке 1: Конструкция не заканчивается точкой с запятой; похоже, что символ «&» был использован не для обозначения начала конструкции — экранируйте его как «&amp;

(waybar:460785): Gtk-WARNING **: 05:18:36.261: Failed to set text ' Steradlye - Nekos & Stuff' from markup due to error parsing markup: Ошибка в строке 1: Конструкция не заканчивается точкой с запятой; похоже, что символ «&» был использован не для обозначения начала конструкции — экранируйте его как «&amp;

(waybar:460785): Gtk-WARNING **: 05:18:37.308: Failed to set text ' Steradlye - Nekos & Stuff' from markup due to error parsing markup: Ошибка в строке 1: Конструкция не заканчивается точкой с запятой; похоже, что символ «&» был использован не для обозначения начала конструкции — экранируйте его как «&amp;

(waybar:460785): Gtk-WARNING **: 05:18:38.358: Failed to set text ' Steradlye - Nekos & Stuff' from markup due to error parsing markup: Ошибка в строке 1: Конструкция не заканчивается точкой с запятой; похоже, что символ «&» был использован не для обозначения начала конструкции — экранируйте его как «&amp;

(waybar:460785): Gtk-WARNING **: 05:18:39.408: Failed to set text ' Steradlye - Nekos & Stuff' from markup due to error parsing markup: Ошибка в строке 1: Конструкция не заканчивается точкой с запятой; похоже, что символ «&» был использован не для обозначения начала конструкции — экранируйте его как «&amp;

(waybar:460785): Gtk-WARNING **: 05:18:40.461: Failed to set text ' Steradlye - Nekos & Stuff' from markup due to error parsing markup: Ошибка в строке 1: Конструкция не заканчивается точкой с запятой; похоже, что символ «&» был использован не для обозначения начала конструкции — экранируйте его как «&amp;

(waybar:460785): Gtk-WARNING **: 05:18:41.512: Failed to set text ' Steradlye - Nekos & Stuff' from markup due to error parsing markup: Ошибка в строке 1: Конструкция не заканчивается точкой с запятой; похоже, что символ «&» был использован не для обозначения начала конструкции — экранируйте его как «&amp;

(waybar:460785): Gtk-WARNING **: 05:18:42.560: Failed to set text ' Steradlye - Nekos & Stuff' from markup due to error parsing markup: Ошибка в строке 1: Конструкция не заканчивается точкой с запятой; похоже, что символ «&» был использован не для обозначения начала конструкции — экранируйте его как «&amp;

(waybar:460785): Gtk-WARNING **: 05:18:43.612: Failed to set text ' Steradlye - Nekos & Stuff' from markup due to error parsing markup: Ошибка в строке 1: Конструкция не заканчивается точкой с запятой; похоже, что символ «&» был использован не для обозначения начала конструкции — экранируйте его как «&amp;

(waybar:460785): Gtk-WARNING **: 05:18:44.657: Failed to set text ' Steradlye - Nekos & Stuff' from markup due to error parsing markup: Ошибка в строке 1: Конструкция не заканчивается точкой с запятой; похоже, что символ «&» был использован не для обозначения начала конструкции — экранируйте его как «&amp;

(waybar:460785): Gtk-WARNING **: 05:18:45.704: Failed to set text ' Steradlye - Nekos & Stuff' from markup due to error parsing markup: Ошибка в строке 1: Конструкция не заканчивается точкой с запятой; похоже, что символ «&» был использован не для обозначения начала конструкции — экранируйте его как «&amp;

(waybar:460785): Gtk-WARNING **: 05:18:46.757: Failed to set text ' Steradlye - Nekos & Stuff' from markup due to error parsing markup: Ошибка в строке 1: Конструкция не заканчивается точкой с запятой; похоже, что символ «&» был использован не для обозначения начала конструкции — экранируйте его как «&amp;

(waybar:460785): Gtk-WARNING **: 05:18:47.805: Failed to set text ' Steradlye - Nekos & Stuff' from markup due to error parsing markup: Ошибка в строке 1: Конструкция не заканчивается точкой с запятой; похоже, что символ «&» был использован не для обозначения начала конструкции — экранируйте его как «&amp;

(waybar:460785): Gtk-WARNING **: 05:18:48.852: Failed to set text ' Steradlye - Nekos & Stuff' from markup due to error parsing markup: Ошибка в строке 1: Конструкция не заканчивается точкой с запятой; похоже, что символ «&» был использован не для обозначения начала конструкции — экранируйте его как «&amp;

(waybar:460785): Gtk-WARNING **: 05:18:49.896: Failed to set text ' Steradlye - Nekos & Stuff' from markup due to error parsing markup: Ошибка в строке 1: Конструкция не заканчивается точкой с запятой; похоже, что символ «&» был использован не для обозначения начала конструкции — экранируйте его как «&amp;

(waybar:460785): Gtk-WARNING **: 05:18:50.945: Failed to set text ' Steradlye - Nekos & Stuff' from markup due to error parsing markup: Ошибка в строке 1: Конструкция не заканчивается точкой с запятой; похоже, что символ «&» был использован не для обозначения начала конструкции — экранируйте его как «&amp;

(waybar:460785): Gtk-WARNING **: 05:18:51.996: Failed to set text ' Steradlye - Nekos & Stuff' from markup due to error parsing markup: Ошибка в строке 1: Конструкция не заканчивается точкой с запятой; похоже, что символ «&» был использован не для обозначения начала конструкции — экранируйте его как «&amp;

(waybar:460785): Gtk-WARNING **: 05:18:53.047: Failed to set text ' Steradlye - Nekos & Stuff' from markup due to error parsing markup: Ошибка в строке 1: Конструкция не заканчивается точкой с запятой; похоже, что символ «&» был использован не для обозначения начала конструкции — экранируйте его как «&amp;

(waybar:460785): Gtk-WARNING **: 05:18:54.095: Failed to set text ' Steradlye - Nekos & Stuff' from markup due to error parsing markup: Ошибка в строке 1: Конструкция не заканчивается точкой с запятой; похоже, что символ «&» был использован не для обозначения начала конструкции — экранируйте его как «&amp;

(waybar:460785): Gtk-WARNING **: 05:18:55.141: Failed to set text ' Steradlye - Nekos & Stuff' from markup due to error parsing markup: Ошибка в строке 1: Конструкция не заканчивается точкой с запятой; похоже, что символ «&» был использован не для обозначения начала конструкции — экранируйте его как «&amp;

(waybar:460785): Gtk-WARNING **: 05:18:56.187: Failed to set text ' Steradlye - Nekos & Stuff' from markup due to error parsing markup: Ошибка в строке 1: Конструкция не заканчивается точкой с запятой; похоже, что символ «&» был использован не для обозначения начала конструкции — экранируйте его как «&amp;

(waybar:460785): Gtk-WARNING **: 05:18:57.231: Failed to set text ' Steradlye - Nekos & Stuff' from markup due to error parsing markup: Ошибка в строке 1: Конструкция не заканчивается точкой с запятой; похоже, что символ «&» был использован не для обозначения начала конструкции — экранируйте его как «&amp;

(waybar:460785): Gtk-WARNING **: 05:18:58.280: Failed to set text ' Steradlye - Nekos & Stuff' from markup due to error parsing markup: Ошибка в строке 1: Конструкция не заканчивается точкой с запятой; похоже, что символ «&» был использован не для обозначения начала конструкции — экранируйте его как «&amp;

(waybar:460785): Gtk-WARNING **: 05:18:59.325: Failed to set text ' Steradlye - Nekos & Stuff' from markup due to error parsing markup: Ошибка в строке 1: Конструкция не заканчивается точкой с запятой; похоже, что символ «&» был использован не для обозначения начала конструкции — экранируйте его как «&amp;

(waybar:460785): Gtk-WARNING **: 05:19:00.374: Failed to set text ' Steradlye - Nekos & Stuff' from markup due to error parsing markup: Ошибка в строке 1: Конструкция не заканчивается точкой с запятой; похоже, что символ «&» был использован не для обозначения начала конструкции — экранируйте его как «&amp;

(waybar:460785): Gtk-WARNING **: 05:19:01.425: Failed to set text ' Steradlye - Nekos & Stuff' from markup due to error parsing markup: Ошибка в строке 1: Конструкция не заканчивается точкой с запятой; похоже, что символ «&» был использован не для обозначения начала конструкции — экранируйте его как «&amp;

(waybar:460785): Gtk-WARNING **: 05:19:02.478: Failed to set text ' Steradlye - Nekos & Stuff' from markup due to error parsing markup: Ошибка в строке 1: Конструкция не заканчивается точкой с запятой; похоже, что символ «&» был использован не для обозначения начала конструкции — экранируйте его как «&amp;

(waybar:460785): Gtk-WARNING **: 05:19:03.527: Failed to set text ' Steradlye - Nekos & Stuff' from markup due to error parsing markup: Ошибка в строке 1: Конструкция не заканчивается точкой с запятой; похоже, что символ «&» был использован не для обозначения начала конструкции — экранируйте его как «&amp;

(waybar:460785): Gtk-WARNING **: 05:19:04.579: Failed to set text ' Steradlye - Nekos & Stuff' from markup due to error parsing markup: Ошибка в строке 1: Конструкция не заканчивается точкой с запятой; похоже, что символ «&» был использован не для обозначения начала конструкции — экранируйте его как «&amp;

(waybar:460785): Gtk-WARNING **: 05:19:05.628: Failed to set text ' Steradlye - Nekos & Stuff' from markup due to error parsing markup: Ошибка в строке 1: Конструкция не заканчивается точкой с запятой; похоже, что символ «&» был использован не для обозначения начала конструкции — экранируйте его как «&amp;

(waybar:460785): Gtk-WARNING **: 05:19:06.681: Failed to set text ' Steradlye - Nekos & Stuff' from markup due to error parsing markup: Ошибка в строке 1: Конструкция не заканчивается точкой с запятой; похоже, что символ «&» был использован не для обозначения начала конструкции — экранируйте его как «&amp;

(waybar:460785): Gtk-WARNING **: 05:19:07.729: Failed to set text ' Steradlye - Nekos & Stuff' from markup due to error parsing markup: Ошибка в строке 1: Конструкция не заканчивается точкой с запятой; похоже, что символ «&» был использован не для обозначения начала конструкции — экранируйте его как «&amp;

(waybar:460785): Gtk-WARNING **: 05:19:08.777: Failed to set text ' Steradlye - Nekos & Stuff' from markup due to error parsing markup: Ошибка в строке 1: Конструкция не заканчивается точкой с запятой; похоже, что символ «&» был использован не для обозначения начала конструкции — экранируйте его как «&amp;

(waybar:460785): Gtk-WARNING **: 05:19:09.827: Failed to set text ' Steradlye - Nekos & Stuff' from markup due to error parsing markup: Ошибка в строке 1: Конструкция не заканчивается точкой с запятой; похоже, что символ «&» был использован не для обозначения начала конструкции — экранируйте его как «&amp;

(waybar:460785): Gtk-WARNING **: 05:19:10.876: Failed to set text ' Steradlye - Nekos & Stuff' from markup due to error parsing markup: Ошибка в строке 1: Конструкция не заканчивается точкой с запятой; похоже, что символ «&» был использован не для обозначения начала конструкции — экранируйте его как «&amp;

(waybar:460785): Gtk-WARNING **: 05:19:11.927: Failed to set text ' Steradlye - Nekos & Stuff' from markup due to error parsing markup: Ошибка в строке 1: Конструкция не заканчивается точкой с запятой; похоже, что символ «&» был использован не для обозначения начала конструкции — экранируйте его как «&amp;

(waybar:460785): Gtk-WARNING **: 05:19:12.977: Failed to set text ' Steradlye - Nekos & Stuff' from markup due to error parsing markup: Ошибка в строке 1: Конструкция не заканчивается точкой с запятой; похоже, что символ «&» был использован не для обозначения начала конструкции — экранируйте его как «&amp;

(waybar:460785): Gtk-WARNING **: 05:19:14.025: Failed to set text ' Steradlye - Nekos & Stuff' from markup due to error parsing markup: Ошибка в строке 1: Конструкция не заканчивается точкой с запятой; похоже, что символ «&» был использован не для обозначения начала конструкции — экранируйте его как «&amp;

(waybar:460785): Gtk-WARNING **: 05:19:15.072: Failed to set text ' Steradlye - Nekos & Stuff' from markup due to error parsing markup: Ошибка в строке 1: Конструкция не заканчивается точкой с запятой; похоже, что символ «&» был использован не для обозначения начала конструкции — экранируйте его как «&amp;

(waybar:460785): Gtk-WARNING **: 05:19:16.126: Failed to set text ' Steradlye - Nekos & Stuff' from markup due to error parsing markup: Ошибка в строке 1: Конструкция не заканчивается точкой с запятой; похоже, что символ «&» был использован не для обозначения начала конструкции — экранируйте его как «&amp;

(waybar:460785): Gtk-WARNING **: 05:19:17.176: Failed to set text ' Steradlye - Nekos & Stuff' from markup due to error parsing markup: Ошибка в строке 1: Конструкция не заканчивается точкой с запятой; похоже, что символ «&» был использован не для обозначения начала конструкции — экранируйте его как «&amp;

(waybar:460785): Gtk-WARNING **: 05:19:18.221: Failed to set text ' Steradlye - Nekos & Stuff' from markup due to error parsing markup: Ошибка в строке 1: Конструкция не заканчивается точкой с запятой; похоже, что символ «&» был использован не для обозначения начала конструкции — экранируйте его как «&amp;

(waybar:460785): Gtk-WARNING **: 05:19:19.271: Failed to set text ' Steradlye - Nekos & Stuff' from markup due to error parsing markup: Ошибка в строке 1: Конструкция не заканчивается точкой с запятой; похоже, что символ «&» был использован не для обозначения начала конструкции — экранируйте его как «&amp;

(waybar:460785): Gtk-WARNING **: 05:19:20.319: Failed to set text ' Steradlye - Nekos & Stuff' from markup due to error parsing markup: Ошибка в строке 1: Конструкция не заканчивается точкой с запятой; похоже, что символ «&» был использован не для обозначения начала конструкции — экранируйте его как «&amp;

(waybar:460785): Gtk-WARNING **: 05:19:21.367: Failed to set text ' Steradlye - Nekos & Stuff' from markup due to error parsing markup: Ошибка в строке 1: Конструкция не заканчивается точкой с запятой; похоже, что символ «&» был использован не для обозначения начала конструкции — экранируйте его как «&amp;

(waybar:460785): Gtk-WARNING **: 05:19:22.418: Failed to set text ' Steradlye - Nekos & Stuff' from markup due to error parsing markup: Ошибка в строке 1: Конструкция не заканчивается точкой с запятой; похоже, что символ «&» был использован не для обозначения начала конструкции — экранируйте его как «&amp;

(waybar:460785): Gtk-WARNING **: 05:19:23.464: Failed to set text ' Steradlye - Nekos & Stuff' from markup due to error parsing markup: Ошибка в строке 1: Конструкция не заканчивается точкой с запятой; похоже, что символ «&» был использован не для обозначения начала конструкции — экранируйте его как «&amp;

(waybar:460785): Gtk-WARNING **: 05:19:24.513: Failed to set text ' Steradlye - Nekos & Stuff' from markup due to error parsing markup: Ошибка в строке 1: Конструкция не заканчивается точкой с запятой; похоже, что символ «&» был использован не для обозначения начала конструкции — экранируйте его как «&amp;

(waybar:460785): Gtk-WARNING **: 05:19:25.558: Failed to set text ' Steradlye - Nekos & Stuff' from markup due to error parsing markup: Ошибка в строке 1: Конструкция не заканчивается точкой с запятой; похоже, что символ «&» был использован не для обозначения начала конструкции — экранируйте его как «&amp;

(waybar:460785): Gtk-WARNING **: 05:19:26.606: Failed to set text ' Steradlye - Nekos & Stuff' from markup due to error parsing markup: Ошибка в строке 1: Конструкция не заканчивается точкой с запятой; похоже, что символ «&» был использован не для обозначения начала конструкции — экранируйте его как «&amp;

(waybar:460785): Gtk-WARNING **: 05:19:27.652: Failed to set text ' Steradlye - Nekos & Stuff' from markup due to error parsing markup: Ошибка в строке 1: Конструкция не заканчивается точкой с запятой; похоже, что символ «&» был использован не для обозначения начала конструкции — экранируйте его как «&amp;

(waybar:460785): Gtk-WARNING **: 05:19:28.703: Failed to set text ' Steradlye - Nekos & Stuff' from markup due to error parsing markup: Ошибка в строке 1: Конструкция не заканчивается точкой с запятой; похоже, что символ «&» был использован не для обозначения начала конструкции — экранируйте его как «&amp;

(waybar:460785): Gtk-WARNING **: 05:19:29.751: Failed to set text ' Steradlye - Nekos & Stuff' from markup due to error parsing markup: Ошибка в строке 1: Конструкция не заканчивается точкой с запятой; похоже, что символ «&» был использован не для обозначения начала конструкции — экранируйте его как «&amp;

(waybar:460785): Gtk-WARNING **: 05:19:30.798: Failed to set text ' Steradlye - Nekos & Stuff' from markup due to error parsing markup: Ошибка в строке 1: Конструкция не заканчивается точкой с запятой; похоже, что символ «&» был использован не для обозначения начала конструкции — экранируйте его как «&amp;

(waybar:460785): Gtk-WARNING **: 05:19:31.848: Failed to set text ' Steradlye - Nekos & Stuff' from markup due to error parsing markup: Ошибка в строке 1: Конструкция не заканчивается точкой с запятой; похоже, что символ «&» был использован не для обозначения начала конструкции — экранируйте его как «&amp;

(waybar:460785): Gtk-WARNING **: 05:19:32.894: Failed to set text ' Steradlye - Nekos & Stuff' from markup due to error parsing markup: Ошибка в строке 1: Конструкция не заканчивается точкой с запятой; похоже, что символ «&» был использован не для обозначения начала конструкции — экранируйте его как «&amp;

(waybar:460785): Gtk-WARNING **: 05:19:33.940: Failed to set text ' Steradlye - Nekos & Stuff' from markup due to error parsing markup: Ошибка в строке 1: Конструкция не заканчивается точкой с запятой; похоже, что символ «&» был использован не для обозначения начала конструкции — экранируйте его как «&amp;

(waybar:460785): Gtk-WARNING **: 05:19:34.991: Failed to set text ' Steradlye - Nekos & Stuff' from markup due to error parsing markup: Ошибка в строке 1: Конструкция не заканчивается точкой с запятой; похоже, что символ «&» был использован не для обозначения начала конструкции — экранируйте его как «&amp;

(waybar:460785): Gtk-WARNING **: 05:19:36.039: Failed to set text ' Steradlye - Nekos & Stuff' from markup due to error parsing markup: Ошибка в строке 1: Конструкция не заканчивается точкой с запятой; похоже, что символ «&» был использован не для обозначения начала конструкции — экранируйте его как «&amp;

(waybar:460785): Gtk-WARNING **: 05:19:37.088: Failed to set text ' Steradlye - Nekos & Stuff' from markup due to error parsing markup: Ошибка в строке 1: Конструкция не заканчивается точкой с запятой; похоже, что символ «&» был использован не для обозначения начала конструкции — экранируйте его как «&amp;

(waybar:460785): Gtk-WARNING **: 05:19:38.136: Failed to set text ' Steradlye - Nekos & Stuff' from markup due to error parsing markup: Ошибка в строке 1: Конструкция не заканчивается точкой с запятой; похоже, что символ «&» был использован не для обозначения начала конструкции — экранируйте его как «&amp;

(waybar:460785): Gtk-WARNING **: 05:19:39.185: Failed to set text ' Steradlye - Nekos & Stuff' from markup due to error parsing markup: Ошибка в строке 1: Конструкция не заканчивается точкой с запятой; похоже, что символ «&» был использован не для обозначения начала конструкции — экранируйте его как «&amp;

(waybar:460785): Gtk-WARNING **: 05:19:40.236: Failed to set text ' Steradlye - Nekos & Stuff' from markup due to error parsing markup: Ошибка в строке 1: Конструкция не заканчивается точкой с запятой; похоже, что символ «&» был использован не для обозначения начала конструкции — экранируйте его как «&amp;

(waybar:460785): Gtk-WARNING **: 05:19:41.283: Failed to set text ' Steradlye - Nekos & Stuff' from markup due to error parsing markup: Ошибка в строке 1: Конструкция не заканчивается точкой с запятой; похоже, что символ «&» был использован не для обозначения начала конструкции — экранируйте его как «&amp;

(waybar:460785): Gtk-WARNING **: 05:19:42.333: Failed to set text ' Steradlye - Nekos & Stuff' from markup due to error parsing markup: Ошибка в строке 1: Конструкция не заканчивается точкой с запятой; похоже, что символ «&» был использован не для обозначения начала конструкции — экранируйте его как «&amp;

(waybar:460785): Gtk-WARNING **: 05:19:43.384: Failed to set text ' Steradlye - Nekos & Stuff' from markup due to error parsing markup: Ошибка в строке 1: Конструкция не заканчивается точкой с запятой; похоже, что символ «&» был использован не для обозначения начала конструкции — экранируйте его как «&amp;

(waybar:460785): Gtk-WARNING **: 05:19:44.434: Failed to set text ' Steradlye - Nekos & Stuff' from markup due to error parsing markup: Ошибка в строке 1: Конструкция не заканчивается точкой с запятой; похоже, что символ «&» был использован не для обозначения начала конструкции — экранируйте его как «&amp;

(waybar:460785): Gtk-WARNING **: 05:19:45.485: Failed to set text ' Steradlye - Nekos & Stuff' from markup due to error parsing markup: Ошибка в строке 1: Конструкция не заканчивается точкой с запятой; похоже, что символ «&» был использован не для обозначения начала конструкции — экранируйте его как «&amp;

(waybar:460785): Gtk-WARNING **: 05:19:46.535: Failed to set text ' Steradlye - Nekos & Stuff' from markup due to error parsing markup: Ошибка в строке 1: Конструкция не заканчивается точкой с запятой; похоже, что символ «&» был использован не для обозначения начала конструкции — экранируйте его как «&amp;

(waybar:460785): Gtk-WARNING **: 05:19:47.585: Failed to set text ' Steradlye - Nekos & Stuff' from markup due to error parsing markup: Ошибка в строке 1: Конструкция не заканчивается точкой с запятой; похоже, что символ «&» был использован не для обозначения начала конструкции — экранируйте его как «&amp;

(waybar:460785): Gtk-WARNING **: 05:19:48.633: Failed to set text ' Steradlye - Nekos & Stuff' from markup due to error parsing markup: Ошибка в строке 1: Конструкция не заканчивается точкой с запятой; похоже, что символ «&» был использован не для обозначения начала конструкции — экранируйте его как «&amp;

(waybar:460785): Gtk-WARNING **: 05:19:49.679: Failed to set text ' Steradlye - Nekos & Stuff' from markup due to error parsing markup: Ошибка в строке 1: Конструкция не заканчивается точкой с запятой; похоже, что символ «&» был использован не для обозначения начала конструкции — экранируйте его как «&amp;

(waybar:460785): Gtk-WARNING **: 05:19:50.727: Failed to set text ' Steradlye - Nekos & Stuff' from markup due to error parsing markup: Ошибка в строке 1: Конструкция не заканчивается точкой с запятой; похоже, что символ «&» был использован не для обозначения начала конструкции — экранируйте его как «&amp;

(waybar:460785): Gtk-WARNING **: 05:19:51.780: Failed to set text ' Steradlye - Nekos & Stuff' from markup due to error parsing markup: Ошибка в строке 1: Конструкция не заканчивается точкой с запятой; похоже, что символ «&» был использован не для обозначения начала конструкции — экранируйте его как «&amp;

(waybar:460785): Gtk-WARNING **: 05:19:52.828: Failed to set text ' Steradlye - Nekos & Stuff' from markup due to error parsing markup: Ошибка в строке 1: Конструкция не заканчивается точкой с запятой; похоже, что символ «&» был использован не для обозначения начала конструкции — экранируйте его как «&amp;

(waybar:460785): Gtk-WARNING **: 05:19:53.879: Failed to set text ' Steradlye - Nekos & Stuff' from markup due to error parsing markup: Ошибка в строке 1: Конструкция не заканчивается точкой с запятой; похоже, что символ «&» был использован не для обозначения начала конструкции — экранируйте его как «&amp;

(waybar:460785): Gtk-WARNING **: 05:19:54.932: Failed to set text ' Steradlye - Nekos & Stuff' from markup due to error parsing markup: Ошибка в строке 1: Конструкция не заканчивается точкой с запятой; похоже, что символ «&» был использован не для обозначения начала конструкции — экранируйте его как «&amp;

(waybar:460785): Gtk-WARNING **: 05:19:55.976: Failed to set text ' Steradlye - Nekos & Stuff' from markup due to error parsing markup: Ошибка в строке 1: Конструкция не заканчивается точкой с запятой; похоже, что символ «&» был использован не для обозначения начала конструкции — экранируйте его как «&amp;

(waybar:460785): Gtk-WARNING **: 05:19:57.022: Failed to set text ' Steradlye - Nekos & Stuff' from markup due to error parsing markup: Ошибка в строке 1: Конструкция не заканчивается точкой с запятой; похоже, что символ «&» был использован не для обозначения начала конструкции — экранируйте его как «&amp;

(waybar:460785): Gtk-WARNING **: 05:19:58.069: Failed to set text ' Steradlye - Nekos & Stuff' from markup due to error parsing markup: Ошибка в строке 1: Конструкция не заканчивается точкой с запятой; похоже, что символ «&» был использован не для обозначения начала конструкции — экранируйте его как «&amp;

(waybar:460785): Gtk-WARNING **: 05:19:59.120: Failed to set text ' Steradlye - Nekos & Stuff' from markup due to error parsing markup: Ошибка в строке 1: Конструкция не заканчивается точкой с запятой; похоже, что символ «&» был использован не для обозначения начала конструкции — экранируйте его как «&amp;

(waybar:460785): Gtk-WARNING **: 05:20:00.170: Failed to set text ' Steradlye - Nekos & Stuff' from markup due to error parsing markup: Ошибка в строке 1: Конструкция не заканчивается точкой с запятой; похоже, что символ «&» был использован не для обозначения начала конструкции — экранируйте его как «&amp;

(waybar:460785): Gtk-WARNING **: 05:20:01.220: Failed to set text ' Steradlye - Nekos & Stuff' from markup due to error parsing markup: Ошибка в строке 1: Конструкция не заканчивается точкой с запятой; похоже, что символ «&» был использован не для обозначения начала конструкции — экранируйте его как «&amp;

(waybar:460785): Gtk-WARNING **: 05:20:02.268: Failed to set text ' Steradlye - Nekos & Stuff' from markup due to error parsing markup: Ошибка в строке 1: Конструкция не заканчивается точкой с запятой; похоже, что символ «&» был использован не для обозначения начала конструкции — экранируйте его как «&amp;

(waybar:460785): Gtk-WARNING **: 05:20:03.322: Failed to set text ' Steradlye - Nekos & Stuff' from markup due to error parsing markup: Ошибка в строке 1: Конструкция не заканчивается точкой с запятой; похоже, что символ «&» был использован не для обозначения начала конструкции — экранируйте его как «&amp;

(waybar:460785): Gtk-WARNING **: 05:20:04.373: Failed to set text ' Steradlye - Nekos & Stuff' from markup due to error parsing markup: Ошибка в строке 1: Конструкция не заканчивается точкой с запятой; похоже, что символ «&» был использован не для обозначения начала конструкции — экранируйте его как «&amp;

(waybar:460785): Gtk-WARNING **: 05:20:05.425: Failed to set text ' Steradlye - Nekos & Stuff' from markup due to error parsing markup: Ошибка в строке 1: Конструкция не заканчивается точкой с запятой; похоже, что символ «&» был использован не для обозначения начала конструкции — экранируйте его как «&amp;

(waybar:460785): Gtk-WARNING **: 05:20:06.472: Failed to set text ' Steradlye - Nekos & Stuff' from markup due to error parsing markup: Ошибка в строке 1: Конструкция не заканчивается точкой с запятой; похоже, что символ «&» был использован не для обозначения начала конструкции — экранируйте его как «&amp;

(waybar:460785): Gtk-WARNING **: 05:20:07.521: Failed to set text ' Steradlye - Nekos & Stuff' from markup due to error parsing markup: Ошибка в строке 1: Конструкция не заканчивается точкой с запятой; похоже, что символ «&» был использован не для обозначения начала конструкции — экранируйте его как «&amp;

(waybar:460785): Gtk-WARNING **: 05:20:08.572: Failed to set text ' Steradlye - Nekos & Stuff' from markup due to error parsing markup: Ошибка в строке 1: Конструкция не заканчивается точкой с запятой; похоже, что символ «&» был использован не для обозначения начала конструкции — экранируйте его как «&amp;

(waybar:460785): Gtk-WARNING **: 05:20:09.622: Failed to set text ' Steradlye - Nekos & Stuff' from markup due to error parsing markup: Ошибка в строке 1: Конструкция не заканчивается точкой с запятой; похоже, что символ «&» был использован не для обозначения начала конструкции — экранируйте его как «&amp;

(waybar:460785): Gtk-WARNING **: 05:20:10.675: Failed to set text ' Steradlye - Nekos & Stuff' from markup due to error parsing markup: Ошибка в строке 1: Конструкция не заканчивается точкой с запятой; похоже, что символ «&» был использован не для обозначения начала конструкции — экранируйте его как «&amp;

(waybar:460785): Gtk-WARNING **: 05:20:11.726: Failed to set text ' Steradlye - Nekos & Stuff' from markup due to error parsing markup: Ошибка в строке 1: Конструкция не заканчивается точкой с запятой; похоже, что символ «&» был использован не для обозначения начала конструкции — экранируйте его как «&amp;

(waybar:460785): Gtk-WARNING **: 05:20:12.777: Failed to set text ' Steradlye - Nekos & Stuff' from markup due to error parsing markup: Ошибка в строке 1: Конструкция не заканчивается точкой с запятой; похоже, что символ «&» был использован не для обозначения начала конструкции — экранируйте его как «&amp;

(waybar:460785): Gtk-WARNING **: 05:20:13.825: Failed to set text ' Steradlye - Nekos & Stuff' from markup due to error parsing markup: Ошибка в строке 1: Конструкция не заканчивается точкой с запятой; похоже, что символ «&» был использован не для обозначения начала конструкции — экранируйте его как «&amp;

(waybar:460785): Gtk-WARNING **: 05:20:14.876: Failed to set text ' Steradlye - Nekos & Stuff' from markup due to error parsing markup: Ошибка в строке 1: Конструкция не заканчивается точкой с запятой; похоже, что символ «&» был использован не для обозначения начала конструкции — экранируйте его как «&amp;

(waybar:460785): Gtk-WARNING **: 05:20:15.928: Failed to set text ' Steradlye - Nekos & Stuff' from markup due to error parsing markup: Ошибка в строке 1: Конструкция не заканчивается точкой с запятой; похоже, что символ «&» был использован не для обозначения начала конструкции — экранируйте его как «&amp;

(waybar:460785): Gtk-WARNING **: 05:20:16.978: Failed to set text ' Steradlye - Nekos & Stuff' from markup due to error parsing markup: Ошибка в строке 1: Конструкция не заканчивается точкой с запятой; похоже, что символ «&» был использован не для обозначения начала конструкции — экранируйте его как «&amp;

(waybar:460785): Gtk-WARNING **: 05:20:18.028: Failed to set text ' Steradlye - Nekos & Stuff' from markup due to error parsing markup: Ошибка в строке 1: Конструкция не заканчивается точкой с запятой; похоже, что символ «&» был использован не для обозначения начала конструкции — экранируйте его как «&amp;

(waybar:460785): Gtk-WARNING **: 05:20:19.077: Failed to set text ' Steradlye - Nekos & Stuff' from markup due to error parsing markup: Ошибка в строке 1: Конструкция не заканчивается точкой с запятой; похоже, что символ «&» был использован не для обозначения начала конструкции — экранируйте его как «&amp;

(waybar:460785): Gtk-WARNING **: 05:20:20.124: Failed to set text ' Steradlye - Nekos & Stuff' from markup due to error parsing markup: Ошибка в строке 1: Конструкция не заканчивается точкой с запятой; похоже, что символ «&» был использован не для обозначения начала конструкции — экранируйте его как «&amp;

(waybar:460785): Gtk-WARNING **: 05:20:21.172: Failed to set text ' Steradlye - Nekos & Stuff' from markup due to error parsing markup: Ошибка в строке 1: Конструкция не заканчивается точкой с запятой; похоже, что символ «&» был использован не для обозначения начала конструкции — экранируйте его как «&amp;

(waybar:460785): Gtk-WARNING **: 05:20:22.223: Failed to set text ' Steradlye - Nekos & Stuff' from markup due to error parsing markup: Ошибка в строке 1: Конструкция не заканчивается точкой с запятой; похоже, что символ «&» был использован не для обозначения начала конструкции — экранируйте его как «&amp;

(waybar:460785): Gtk-WARNING **: 05:20:23.270: Failed to set text ' Steradlye - Nekos & Stuff' from markup due to error parsing markup: Ошибка в строке 1: Конструкция не заканчивается точкой с запятой; похоже, что символ «&» был использован не для обозначения начала конструкции — экранируйте его как «&amp;

(waybar:460785): Gtk-WARNING **: 05:20:24.319: Failed to set text ' Steradlye - Nekos & Stuff' from markup due to error parsing markup: Ошибка в строке 1: Конструкция не заканчивается точкой с запятой; похоже, что символ «&» был использован не для обозначения начала конструкции — экранируйте его как «&amp;

(waybar:460785): Gtk-WARNING **: 05:20:25.369: Failed to set text ' Steradlye - Nekos & Stuff' from markup due to error parsing markup: Ошибка в строке 1: Конструкция не заканчивается точкой с запятой; похоже, что символ «&» был использован не для обозначения начала конструкции — экранируйте его как «&amp;

(waybar:460785): Gtk-WARNING **: 05:20:26.414: Failed to set text ' Steradlye - Nekos & Stuff' from markup due to error parsing markup: Ошибка в строке 1: Конструкция не заканчивается точкой с запятой; похоже, что символ «&» был использован не для обозначения начала конструкции — экранируйте его как «&amp;

(waybar:460785): Gtk-WARNING **: 05:20:27.465: Failed to set text ' Steradlye - Nekos & Stuff' from markup due to error parsing markup: Ошибка в строке 1: Конструкция не заканчивается точкой с запятой; похоже, что символ «&» был использован не для обозначения начала конструкции — экранируйте его как «&amp;

(waybar:460785): Gtk-WARNING **: 05:20:28.513: Failed to set text ' Steradlye - Nekos & Stuff' from markup due to error parsing markup: Ошибка в строке 1: Конструкция не заканчивается точкой с запятой; похоже, что символ «&» был использован не для обозначения начала конструкции — экранируйте его как «&amp;

(waybar:460785): Gtk-WARNING **: 05:20:29.564: Failed to set text ' Steradlye - Nekos & Stuff' from markup due to error parsing markup: Ошибка в строке 1: Конструкция не заканчивается точкой с запятой; похоже, что символ «&» был использован не для обозначения начала конструкции — экранируйте его как «&amp;

(waybar:460785): Gtk-WARNING **: 05:20:30.618: Failed to set text ' Steradlye - Nekos & Stuff' from markup due to error parsing markup: Ошибка в строке 1: Конструкция не заканчивается точкой с запятой; похоже, что символ «&» был использован не для обозначения начала конструкции — экранируйте его как «&amp;

(waybar:460785): Gtk-WARNING **: 05:20:31.668: Failed to set text ' Steradlye - Nekos & Stuff' from markup due to error parsing markup: Ошибка в строке 1: Конструкция не заканчивается точкой с запятой; похоже, что символ «&» был использован не для обозначения начала конструкции — экранируйте его как «&amp;

(waybar:460785): Gtk-WARNING **: 05:20:32.716: Failed to set text ' Steradlye - Nekos & Stuff' from markup due to error parsing markup: Ошибка в строке 1: Конструкция не заканчивается точкой с запятой; похоже, что символ «&» был использован не для обозначения начала конструкции — экранируйте его как «&amp;

(waybar:460785): Gtk-WARNING **: 05:20:33.766: Failed to set text ' Steradlye - Nekos & Stuff' from markup due to error parsing markup: Ошибка в строке 1: Конструкция не заканчивается точкой с запятой; похоже, что символ «&» был использован не для обозначения начала конструкции — экранируйте его как «&amp;

(waybar:460785): Gtk-WARNING **: 05:20:34.819: Failed to set text ' Steradlye - Nekos & Stuff' from markup due to error parsing markup: Ошибка в строке 1: Конструкция не заканчивается точкой с запятой; похоже, что символ «&» был использован не для обозначения начала конструкции — экранируйте его как «&amp;

(waybar:460785): Gtk-WARNING **: 05:20:35.869: Failed to set text ' Steradlye - Nekos & Stuff' from markup due to error parsing markup: Ошибка в строке 1: Конструкция не заканчивается точкой с запятой; похоже, что символ «&» был использован не для обозначения начала конструкции — экранируйте его как «&amp;

(waybar:460785): Gtk-WARNING **: 05:20:36.922: Failed to set text ' Steradlye - Nekos & Stuff' from markup due to error parsing markup: Ошибка в строке 1: Конструкция не заканчивается точкой с запятой; похоже, что символ «&» был использован не для обозначения начала конструкции — экранируйте его как «&amp;

(waybar:460785): Gtk-WARNING **: 05:20:37.970: Failed to set text ' Steradlye - Nekos & Stuff' from markup due to error parsing markup: Ошибка в строке 1: Конструкция не заканчивается точкой с запятой; похоже, что символ «&» был использован не для обозначения начала конструкции — экранируйте его как «&amp;

(waybar:460785): Gtk-WARNING **: 05:20:39.019: Failed to set text ' Steradlye - Nekos & Stuff' from markup due to error parsing markup: Ошибка в строке 1: Конструкция не заканчивается точкой с запятой; похоже, что символ «&» был использован не для обозначения начала конструкции — экранируйте его как «&amp;

(waybar:460785): Gtk-WARNING **: 05:20:40.067: Failed to set text ' Steradlye - Nekos & Stuff' from markup due to error parsing markup: Ошибка в строке 1: Конструкция не заканчивается точкой с запятой; похоже, что символ «&» был использован не для обозначения начала конструкции — экранируйте его как «&amp;

(waybar:460785): Gtk-WARNING **: 05:20:41.118: Failed to set text ' Steradlye - Nekos & Stuff' from markup due to error parsing markup: Ошибка в строке 1: Конструкция не заканчивается точкой с запятой; похоже, что символ «&» был использован не для обозначения начала конструкции — экранируйте его как «&amp;

(waybar:460785): Gtk-WARNING **: 05:20:42.169: Failed to set text ' Steradlye - Nekos & Stuff' from markup due to error parsing markup: Ошибка в строке 1: Конструкция не заканчивается точкой с запятой; похоже, что символ «&» был использован не для обозначения начала конструкции — экранируйте его как «&amp;

(waybar:460785): Gtk-WARNING **: 05:20:43.218: Failed to set text ' Steradlye - Nekos & Stuff' from markup due to error parsing markup: Ошибка в строке 1: Конструкция не заканчивается точкой с запятой; похоже, что символ «&» был использован не для обозначения начала конструкции — экранируйте его как «&amp;

(waybar:460785): Gtk-WARNING **: 05:20:44.273: Failed to set text ' Steradlye - Nekos & Stuff' from markup due to error parsing markup: Ошибка в строке 1: Конструкция не заканчивается точкой с запятой; похоже, что символ «&» был использован не для обозначения начала конструкции — экранируйте его как «&amp;

(waybar:460785): Gtk-WARNING **: 05:20:45.323: Failed to set text ' Steradlye - Nekos & Stuff' from markup due to error parsing markup: Ошибка в строке 1: Конструкция не заканчивается точкой с запятой; похоже, что символ «&» был использован не для обозначения начала конструкции — экранируйте его как «&amp;

(waybar:460785): Gtk-WARNING **: 05:20:46.366: Failed to set text ' Steradlye - Nekos & Stuff' from markup due to error parsing markup: Ошибка в строке 1: Конструкция не заканчивается точкой с запятой; похоже, что символ «&» был использован не для обозначения начала конструкции — экранируйте его как «&amp;

(waybar:460785): Gtk-WARNING **: 05:20:47.413: Failed to set text ' Steradlye - Nekos & Stuff' from markup due to error parsing markup: Ошибка в строке 1: Конструкция не заканчивается точкой с запятой; похоже, что символ «&» был использован не для обозначения начала конструкции — экранируйте его как «&amp;

(waybar:460785): Gtk-WARNING **: 05:20:48.460: Failed to set text ' Steradlye - Nekos & Stuff' from markup due to error parsing markup: Ошибка в строке 1: Конструкция не заканчивается точкой с запятой; похоже, что символ «&» был использован не для обозначения начала конструкции — экранируйте его как «&amp;

(waybar:460785): Gtk-WARNING **: 05:20:49.511: Failed to set text ' Steradlye - Nekos & Stuff' from markup due to error parsing markup: Ошибка в строке 1: Конструкция не заканчивается точкой с запятой; похоже, что символ «&» был использован не для обозначения начала конструкции — экранируйте его как «&amp;

(waybar:460785): Gtk-WARNING **: 05:20:50.556: Failed to set text ' Steradlye - Nekos & Stuff' from markup due to error parsing markup: Ошибка в строке 1: Конструкция не заканчивается точкой с запятой; похоже, что символ «&» был использован не для обозначения начала конструкции — экранируйте его как «&amp;

(waybar:460785): Gtk-WARNING **: 05:20:51.610: Failed to set text ' Steradlye - Nekos & Stuff' from markup due to error parsing markup: Ошибка в строке 1: Конструкция не заканчивается точкой с запятой; похоже, что символ «&» был использован не для обозначения начала конструкции — экранируйте его как «&amp;

(waybar:460785): Gtk-WARNING **: 05:20:52.655: Failed to set text ' Steradlye - Nekos & Stuff' from markup due to error parsing markup: Ошибка в строке 1: Конструкция не заканчивается точкой с запятой; похоже, что символ «&» был использован не для обозначения начала конструкции — экранируйте его как «&amp;

(waybar:460785): Gtk-WARNING **: 05:20:53.704: Failed to set text ' Steradlye - Nekos & Stuff' from markup due to error parsing markup: Ошибка в строке 1: Конструкция не заканчивается точкой с запятой; похоже, что символ «&» был использован не для обозначения начала конструкции — экранируйте его как «&amp;

(waybar:460785): Gtk-WARNING **: 05:20:54.752: Failed to set text ' Steradlye - Nekos & Stuff' from markup due to error parsing markup: Ошибка в строке 1: Конструкция не заканчивается точкой с запятой; похоже, что символ «&» был использован не для обозначения начала конструкции — экранируйте его как «&amp;

(waybar:460785): Gtk-WARNING **: 05:20:55.801: Failed to set text ' Steradlye - Nekos & Stuff' from markup due to error parsing markup: Ошибка в строке 1: Конструкция не заканчивается точкой с запятой; похоже, что символ «&» был использован не для обозначения начала конструкции — экранируйте его как «&amp;

(waybar:460785): Gtk-WARNING **: 05:20:56.851: Failed to set text ' Steradlye - Nekos & Stuff' from markup due to error parsing markup: Ошибка в строке 1: Конструкция не заканчивается точкой с запятой; похоже, что символ «&» был использован не для обозначения начала конструкции — экранируйте его как «&amp;

(waybar:460785): Gtk-WARNING **: 05:20:57.897: Failed to set text ' Steradlye - Nekos & Stuff' from markup due to error parsing markup: Ошибка в строке 1: Конструкция не заканчивается точкой с запятой; похоже, что символ «&» был использован не для обозначения начала конструкции — экранируйте его как «&amp;

(waybar:460785): Gtk-WARNING **: 05:20:58.944: Failed to set text ' Steradlye - Nekos & Stuff' from markup due to error parsing markup: Ошибка в строке 1: Конструкция не заканчивается точкой с запятой; похоже, что символ «&» был использован не для обозначения начала конструкции — экранируйте его как «&amp;

(waybar:460785): Gtk-WARNING **: 05:20:59.992: Failed to set text ' Steradlye - Nekos & Stuff' from markup due to error parsing markup: Ошибка в строке 1: Конструкция не заканчивается точкой с запятой; похоже, что символ «&» был использован не для обозначения начала конструкции — экранируйте его как «&amp;

(waybar:460785): Gtk-WARNING **: 05:21:01.041: Failed to set text ' Steradlye - Nekos & Stuff' from markup due to error parsing markup: Ошибка в строке 1: Конструкция не заканчивается точкой с запятой; похоже, что символ «&» был использован не для обозначения начала конструкции — экранируйте его как «&amp;

(waybar:460785): Gtk-WARNING **: 05:21:02.087: Failed to set text ' Steradlye - Nekos & Stuff' from markup due to error parsing markup: Ошибка в строке 1: Конструкция не заканчивается точкой с запятой; похоже, что символ «&» был использован не для обозначения начала конструкции — экранируйте его как «&amp;

(waybar:460785): Gtk-WARNING **: 05:21:03.138: Failed to set text ' Steradlye - Nekos & Stuff' from markup due to error parsing markup: Ошибка в строке 1: Конструкция не заканчивается точкой с запятой; похоже, что символ «&» был использован не для обозначения начала конструкции — экранируйте его как «&amp;

(waybar:460785): Gtk-WARNING **: 05:21:04.191: Failed to set text ' Steradlye - Nekos & Stuff' from markup due to error parsing markup: Ошибка в строке 1: Конструкция не заканчивается точкой с запятой; похоже, что символ «&» был использован не для обозначения начала конструкции — экранируйте его как «&amp;

(waybar:460785): Gtk-WARNING **: 05:21:05.239: Failed to set text ' Steradlye - Nekos & Stuff' from markup due to error parsing markup: Ошибка в строке 1: Конструкция не заканчивается точкой с запятой; похоже, что символ «&» был использован не для обозначения начала конструкции — экранируйте его как «&amp;

(waybar:460785): Gtk-WARNING **: 05:21:06.288: Failed to set text ' Steradlye - Nekos & Stuff' from markup due to error parsing markup: Ошибка в строке 1: Конструкция не заканчивается точкой с запятой; похоже, что символ «&» был использован не для обозначения начала конструкции — экранируйте его как «&amp;

(waybar:460785): Gtk-WARNING **: 05:21:07.338: Failed to set text ' Steradlye - Nekos & Stuff' from markup due to error parsing markup: Ошибка в строке 1: Конструкция не заканчивается точкой с запятой; похоже, что символ «&» был использован не для обозначения начала конструкции — экранируйте его как «&amp;

(waybar:460785): Gtk-WARNING **: 05:21:08.386: Failed to set text ' Steradlye - Nekos & Stuff' from markup due to error parsing markup: Ошибка в строке 1: Конструкция не заканчивается точкой с запятой; похоже, что символ «&» был использован не для обозначения начала конструкции — экранируйте его как «&amp;

(waybar:460785): Gtk-WARNING **: 05:21:09.438: Failed to set text ' Steradlye - Nekos & Stuff' from markup due to error parsing markup: Ошибка в строке 1: Конструкция не заканчивается точкой с запятой; похоже, что символ «&» был использован не для обозначения начала конструкции — экранируйте его как «&amp;

(waybar:460785): Gtk-WARNING **: 05:21:10.486: Failed to set text ' Steradlye - Nekos & Stuff' from markup due to error parsing markup: Ошибка в строке 1: Конструкция не заканчивается точкой с запятой; похоже, что символ «&» был использован не для обозначения начала конструкции — экранируйте его как «&amp;

(waybar:460785): Gtk-WARNING **: 05:21:11.533: Failed to set text ' Steradlye - Nekos & Stuff' from markup due to error parsing markup: Ошибка в строке 1: Конструкция не заканчивается точкой с запятой; похоже, что символ «&» был использован не для обозначения начала конструкции — экранируйте его как «&amp;

(waybar:460785): Gtk-WARNING **: 05:21:12.583: Failed to set text ' Steradlye - Nekos & Stuff' from markup due to error parsing markup: Ошибка в строке 1: Конструкция не заканчивается точкой с запятой; похоже, что символ «&» был использован не для обозначения начала конструкции — экранируйте его как «&amp;

(waybar:460785): Gtk-WARNING **: 05:21:13.633: Failed to set text ' Steradlye - Nekos & Stuff' from markup due to error parsing markup: Ошибка в строке 1: Конструкция не заканчивается точкой с запятой; похоже, что символ «&» был использован не для обозначения начала конструкции — экранируйте его как «&amp;

(waybar:460785): Gtk-WARNING **: 05:21:14.681: Failed to set text ' Steradlye - Nekos & Stuff' from markup due to error parsing markup: Ошибка в строке 1: Конструкция не заканчивается точкой с запятой; похоже, что символ «&» был использован не для обозначения начала конструкции — экранируйте его как «&amp;

(waybar:460785): Gtk-WARNING **: 05:21:15.728: Failed to set text ' Steradlye - Nekos & Stuff' from markup due to error parsing markup: Ошибка в строке 1: Конструкция не заканчивается точкой с запятой; похоже, что символ «&» был использован не для обозначения начала конструкции — экранируйте его как «&amp;

(waybar:460785): Gtk-WARNING **: 05:21:16.776: Failed to set text ' Steradlye - Nekos & Stuff' from markup due to error parsing markup: Ошибка в строке 1: Конструкция не заканчивается точкой с запятой; похоже, что символ «&» был использован не для обозначения начала конструкции — экранируйте его как «&amp;

(waybar:460785): Gtk-WARNING **: 05:21:17.819: Failed to set text ' Steradlye - Nekos & Stuff' from markup due to error parsing markup: Ошибка в строке 1: Конструкция не заканчивается точкой с запятой; похоже, что символ «&» был использован не для обозначения начала конструкции — экранируйте его как «&amp;

(waybar:460785): Gtk-WARNING **: 05:21:18.864: Failed to set text ' Steradlye - Nekos & Stuff' from markup due to error parsing markup: Ошибка в строке 1: Конструкция не заканчивается точкой с запятой; похоже, что символ «&» был использован не для обозначения начала конструкции — экранируйте его как «&amp;

(waybar:460785): Gtk-WARNING **: 05:21:19.911: Failed to set text ' Steradlye - Nekos & Stuff' from markup due to error parsing markup: Ошибка в строке 1: Конструкция не заканчивается точкой с запятой; похоже, что символ «&» был использован не для обозначения начала конструкции — экранируйте его как «&amp;

(waybar:460785): Gtk-WARNING **: 05:21:20.957: Failed to set text ' Steradlye - Nekos & Stuff' from markup due to error parsing markup: Ошибка в строке 1: Конструкция не заканчивается точкой с запятой; похоже, что символ «&» был использован не для обозначения начала конструкции — экранируйте его как «&amp;

(waybar:460785): Gtk-WARNING **: 05:21:22.007: Failed to set text ' Steradlye - Nekos & Stuff' from markup due to error parsing markup: Ошибка в строке 1: Конструкция не заканчивается точкой с запятой; похоже, что символ «&» был использован не для обозначения начала конструкции — экранируйте его как «&amp;

(waybar:460785): Gtk-WARNING **: 05:21:23.057: Failed to set text ' Steradlye - Nekos & Stuff' from markup due to error parsing markup: Ошибка в строке 1: Конструкция не заканчивается точкой с запятой; похоже, что символ «&» был использован не для обозначения начала конструкции — экранируйте его как «&amp;

(waybar:460785): Gtk-WARNING **: 05:21:24.102: Failed to set text ' Steradlye - Nekos & Stuff' from markup due to error parsing markup: Ошибка в строке 1: Конструкция не заканчивается точкой с запятой; похоже, что символ «&» был использован не для обозначения начала конструкции — экранируйте его как «&amp;

(waybar:460785): Gtk-WARNING **: 05:21:25.150: Failed to set text ' Steradlye - Nekos & Stuff' from markup due to error parsing markup: Ошибка в строке 1: Конструкция не заканчивается точкой с запятой; похоже, что символ «&» был использован не для обозначения начала конструкции — экранируйте его как «&amp;

(waybar:460785): Gtk-WARNING **: 05:21:26.196: Failed to set text ' Steradlye - Nekos & Stuff' from markup due to error parsing markup: Ошибка в строке 1: Конструкция не заканчивается точкой с запятой; похоже, что символ «&» был использован не для обозначения начала конструкции — экранируйте его как «&amp;

(waybar:460785): Gtk-WARNING **: 05:21:27.246: Failed to set text ' Steradlye - Nekos & Stuff' from markup due to error parsing markup: Ошибка в строке 1: Конструкция не заканчивается точкой с запятой; похоже, что символ «&» был использован не для обозначения начала конструкции — экранируйте его как «&amp;

(waybar:460785): Gtk-WARNING **: 05:21:28.291: Failed to set text ' Steradlye - Nekos & Stuff' from markup due to error parsing markup: Ошибка в строке 1: Конструкция не заканчивается точкой с запятой; похоже, что символ «&» был использован не для обозначения начала конструкции — экранируйте его как «&amp;

(waybar:460785): Gtk-WARNING **: 05:21:29.335: Failed to set text ' Steradlye - Nekos & Stuff' from markup due to error parsing markup: Ошибка в строке 1: Конструкция не заканчивается точкой с запятой; похоже, что символ «&» был использован не для обозначения начала конструкции — экранируйте его как «&amp;

(waybar:460785): Gtk-WARNING **: 05:21:30.380: Failed to set text ' Steradlye - Nekos & Stuff' from markup due to error parsing markup: Ошибка в строке 1: Конструкция не заканчивается точкой с запятой; похоже, что символ «&» был использован не для обозначения начала конструкции — экранируйте его как «&amp;

(waybar:460785): Gtk-WARNING **: 05:21:31.426: Failed to set text ' Steradlye - Nekos & Stuff' from markup due to error parsing markup: Ошибка в строке 1: Конструкция не заканчивается точкой с запятой; похоже, что символ «&» был использован не для обозначения начала конструкции — экранируйте его как «&amp;

(waybar:460785): Gtk-WARNING **: 05:21:32.469: Failed to set text ' Steradlye - Nekos & Stuff' from markup due to error parsing markup: Ошибка в строке 1: Конструкция не заканчивается точкой с запятой; похоже, что символ «&» был использован не для обозначения начала конструкции — экранируйте его как «&amp;

(waybar:460785): Gtk-WARNING **: 05:21:33.516: Failed to set text ' Steradlye - Nekos & Stuff' from markup due to error parsing markup: Ошибка в строке 1: Конструкция не заканчивается точкой с запятой; похоже, что символ «&» был использован не для обозначения начала конструкции — экранируйте его как «&amp;

(waybar:460785): Gtk-WARNING **: 05:21:34.567: Failed to set text ' Steradlye - Nekos & Stuff' from markup due to error parsing markup: Ошибка в строке 1: Конструкция не заканчивается точкой с запятой; похоже, что символ «&» был использован не для обозначения начала конструкции — экранируйте его как «&amp;

(waybar:460785): Gtk-WARNING **: 05:21:35.615: Failed to set text ' Steradlye - Nekos & Stuff' from markup due to error parsing markup: Ошибка в строке 1: Конструкция не заканчивается точкой с запятой; похоже, что символ «&» был использован не для обозначения начала конструкции — экранируйте его как «&amp;

(waybar:460785): Gtk-WARNING **: 05:21:36.667: Failed to set text ' Steradlye - Nekos & Stuff' from markup due to error parsing markup: Ошибка в строке 1: Конструкция не заканчивается точкой с запятой; похоже, что символ «&» был использован не для обозначения начала конструкции — экранируйте его как «&amp;

(waybar:460785): Gtk-WARNING **: 05:21:37.717: Failed to set text ' Steradlye - Nekos & Stuff' from markup due to error parsing markup: Ошибка в строке 1: Конструкция не заканчивается точкой с запятой; похоже, что символ «&» был использован не для обозначения начала конструкции — экранируйте его как «&amp;

(waybar:460785): Gtk-WARNING **: 05:21:38.765: Failed to set text ' Steradlye - Nekos & Stuff' from markup due to error parsing markup: Ошибка в строке 1: Конструкция не заканчивается точкой с запятой; похоже, что символ «&» был использован не для обозначения начала конструкции — экранируйте его как «&amp;

(waybar:460785): Gtk-WARNING **: 05:21:39.815: Failed to set text ' Steradlye - Nekos & Stuff' from markup due to error parsing markup: Ошибка в строке 1: Конструкция не заканчивается точкой с запятой; похоже, что символ «&» был использован не для обозначения начала конструкции — экранируйте его как «&amp;

(waybar:460785): Gtk-WARNING **: 05:21:40.866: Failed to set text ' Steradlye - Nekos & Stuff' from markup due to error parsing markup: Ошибка в строке 1: Конструкция не заканчивается точкой с запятой; похоже, что символ «&» был использован не для обозначения начала конструкции — экранируйте его как «&amp;

(waybar:460785): Gtk-WARNING **: 05:21:41.914: Failed to set text ' Steradlye - Nekos & Stuff' from markup due to error parsing markup: Ошибка в строке 1: Конструкция не заканчивается точкой с запятой; похоже, что символ «&» был использован не для обозначения начала конструкции — экранируйте его как «&amp;

(waybar:460785): Gtk-WARNING **: 05:21:42.967: Failed to set text ' Steradlye - Nekos & Stuff' from markup due to error parsing markup: Ошибка в строке 1: Конструкция не заканчивается точкой с запятой; похоже, что символ «&» был использован не для обозначения начала конструкции — экранируйте его как «&amp;

(waybar:460785): Gtk-WARNING **: 05:21:44.016: Failed to set text ' Steradlye - Nekos & Stuff' from markup due to error parsing markup: Ошибка в строке 1: Конструкция не заканчивается точкой с запятой; похоже, что символ «&» был использован не для обозначения начала конструкции — экранируйте его как «&amp;

(waybar:460785): Gtk-WARNING **: 05:21:45.065: Failed to set text ' Steradlye - Nekos & Stuff' from markup due to error parsing markup: Ошибка в строке 1: Конструкция не заканчивается точкой с запятой; похоже, что символ «&» был использован не для обозначения начала конструкции — экранируйте его как «&amp;

(waybar:460785): Gtk-WARNING **: 05:21:46.109: Failed to set text ' Steradlye - Nekos & Stuff' from markup due to error parsing markup: Ошибка в строке 1: Конструкция не заканчивается точкой с запятой; похоже, что символ «&» был использован не для обозначения начала конструкции — экранируйте его как «&amp;

(waybar:460785): Gtk-WARNING **: 05:21:47.161: Failed to set text ' Steradlye - Nekos & Stuff' from markup due to error parsing markup: Ошибка в строке 1: Конструкция не заканчивается точкой с запятой; похоже, что символ «&» был использован не для обозначения начала конструкции — экранируйте его как «&amp;

(waybar:460785): Gtk-WARNING **: 05:21:48.209: Failed to set text ' Steradlye - Nekos & Stuff' from markup due to error parsing markup: Ошибка в строке 1: Конструкция не заканчивается точкой с запятой; похоже, что символ «&» был использован не для обозначения начала конструкции — экранируйте его как «&amp;

(waybar:460785): Gtk-WARNING **: 05:21:49.257: Failed to set text ' Steradlye - Nekos & Stuff' from markup due to error parsing markup: Ошибка в строке 1: Конструкция не заканчивается точкой с запятой; похоже, что символ «&» был использован не для обозначения начала конструкции — экранируйте его как «&amp;

(waybar:460785): Gtk-WARNING **: 05:21:50.307: Failed to set text ' Steradlye - Nekos & Stuff' from markup due to error parsing markup: Ошибка в строке 1: Конструкция не заканчивается точкой с запятой; похоже, что символ «&» был использован не для обозначения начала конструкции — экранируйте его как «&amp;

(waybar:460785): Gtk-WARNING **: 05:21:51.354: Failed to set text ' Steradlye - Nekos & Stuff' from markup due to error parsing markup: Ошибка в строке 1: Конструкция не заканчивается точкой с запятой; похоже, что символ «&» был использован не для обозначения начала конструкции — экранируйте его как «&amp;

(waybar:460785): Gtk-WARNING **: 05:21:52.412: Failed to set text ' Steradlye - Nekos & Stuff' from markup due to error parsing markup: Ошибка в строке 1: Конструкция не заканчивается точкой с запятой; похоже, что символ «&» был использован не для обозначения начала конструкции — экранируйте его как «&amp;

(waybar:460785): Gtk-WARNING **: 05:21:53.460: Failed to set text ' Steradlye - Nekos & Stuff' from markup due to error parsing markup: Ошибка в строке 1: Конструкция не заканчивается точкой с запятой; похоже, что символ «&» был использован не для обозначения начала конструкции — экранируйте его как «&amp;

(waybar:460785): Gtk-WARNING **: 05:21:54.509: Failed to set text ' Steradlye - Nekos & Stuff' from markup due to error parsing markup: Ошибка в строке 1: Конструкция не заканчивается точкой с запятой; похоже, что символ «&» был использован не для обозначения начала конструкции — экранируйте его как «&amp;

(waybar:460785): Gtk-WARNING **: 05:21:55.557: Failed to set text ' Steradlye - Nekos & Stuff' from markup due to error parsing markup: Ошибка в строке 1: Конструкция не заканчивается точкой с запятой; похоже, что символ «&» был использован не для обозначения начала конструкции — экранируйте его как «&amp;

(waybar:460785): Gtk-WARNING **: 05:21:56.605: Failed to set text ' Steradlye - Nekos & Stuff' from markup due to error parsing markup: Ошибка в строке 1: Конструкция не заканчивается точкой с запятой; похоже, что символ «&» был использован не для обозначения начала конструкции — экранируйте его как «&amp;

(waybar:460785): Gtk-WARNING **: 05:21:57.656: Failed to set text ' Steradlye - Nekos & Stuff' from markup due to error parsing markup: Ошибка в строке 1: Конструкция не заканчивается точкой с запятой; похоже, что символ «&» был использован не для обозначения начала конструкции — экранируйте его как «&amp;

(waybar:460785): Gtk-WARNING **: 05:21:58.704: Failed to set text ' Steradlye - Nekos & Stuff' from markup due to error parsing markup: Ошибка в строке 1: Конструкция не заканчивается точкой с запятой; похоже, что символ «&» был использован не для обозначения начала конструкции — экранируйте его как «&amp;

(waybar:460785): Gtk-WARNING **: 05:21:59.751: Failed to set text ' Steradlye - Nekos & Stuff' from markup due to error parsing markup: Ошибка в строке 1: Конструкция не заканчивается точкой с запятой; похоже, что символ «&» был использован не для обозначения начала конструкции — экранируйте его как «&amp;

(waybar:460785): Gtk-WARNING **: 05:22:00.795: Failed to set text ' Steradlye - Nekos & Stuff' from markup due to error parsing markup: Ошибка в строке 1: Конструкция не заканчивается точкой с запятой; похоже, что символ «&» был использован не для обозначения начала конструкции — экранируйте его как «&amp;

(waybar:460785): Gtk-WARNING **: 05:22:01.843: Failed to set text ' Steradlye - Nekos & Stuff' from markup due to error parsing markup: Ошибка в строке 1: Конструкция не заканчивается точкой с запятой; похоже, что символ «&» был использован не для обозначения начала конструкции — экранируйте его как «&amp;

(waybar:460785): Gtk-WARNING **: 05:22:02.891: Failed to set text ' Steradlye - Nekos & Stuff' from markup due to error parsing markup: Ошибка в строке 1: Конструкция не заканчивается точкой с запятой; похоже, что символ «&» был использован не для обозначения начала конструкции — экранируйте его как «&amp;

(waybar:460785): Gtk-WARNING **: 05:22:03.941: Failed to set text ' Steradlye - Nekos & Stuff' from markup due to error parsing markup: Ошибка в строке 1: Конструкция не заканчивается точкой с запятой; похоже, что символ «&» был использован не для обозначения начала конструкции — экранируйте его как «&amp;

(waybar:460785): Gtk-WARNING **: 05:22:04.993: Failed to set text ' Steradlye - Nekos & Stuff' from markup due to error parsing markup: Ошибка в строке 1: Конструкция не заканчивается точкой с запятой; похоже, что символ «&» был использован не для обозначения начала конструкции — экранируйте его как «&amp;

(waybar:460785): Gtk-WARNING **: 05:22:06.043: Failed to set text ' Steradlye - Nekos & Stuff' from markup due to error parsing markup: Ошибка в строке 1: Конструкция не заканчивается точкой с запятой; похоже, что символ «&» был использован не для обозначения начала конструкции — экранируйте его как «&amp;

(waybar:460785): Gtk-WARNING **: 05:22:07.093: Failed to set text ' Steradlye - Nekos & Stuff' from markup due to error parsing markup: Ошибка в строке 1: Конструкция не заканчивается точкой с запятой; похоже, что символ «&» был использован не для обозначения начала конструкции — экранируйте его как «&amp;

(waybar:460785): Gtk-WARNING **: 05:22:08.142: Failed to set text ' Steradlye - Nekos & Stuff' from markup due to error parsing markup: Ошибка в строке 1: Конструкция не заканчивается точкой с запятой; похоже, что символ «&» был использован не для обозначения начала конструкции — экранируйте его как «&amp;

(waybar:460785): Gtk-WARNING **: 05:22:09.195: Failed to set text ' Steradlye - Nekos & Stuff' from markup due to error parsing markup: Ошибка в строке 1: Конструкция не заканчивается точкой с запятой; похоже, что символ «&» был использован не для обозначения начала конструкции — экранируйте его как «&amp;

(waybar:460785): Gtk-WARNING **: 05:22:10.241: Failed to set text ' Steradlye - Nekos & Stuff' from markup due to error parsing markup: Ошибка в строке 1: Конструкция не заканчивается точкой с запятой; похоже, что символ «&» был использован не для обозначения начала конструкции — экранируйте его как «&amp;

(waybar:460785): Gtk-WARNING **: 05:22:11.287: Failed to set text ' Steradlye - Nekos & Stuff' from markup due to error parsing markup: Ошибка в строке 1: Конструкция не заканчивается точкой с запятой; похоже, что символ «&» был использован не для обозначения начала конструкции — экранируйте его как «&amp;

(waybar:460785): Gtk-WARNING **: 05:22:12.336: Failed to set text ' Steradlye - Nekos & Stuff' from markup due to error parsing markup: Ошибка в строке 1: Конструкция не заканчивается точкой с запятой; похоже, что символ «&» был использован не для обозначения начала конструкции — экранируйте его как «&amp;

(waybar:460785): Gtk-WARNING **: 05:22:13.387: Failed to set text ' Steradlye - Nekos & Stuff' from markup due to error parsing markup: Ошибка в строке 1: Конструкция не заканчивается точкой с запятой; похоже, что символ «&» был использован не для обозначения начала конструкции — экранируйте его как «&amp;

(waybar:460785): Gtk-WARNING **: 05:22:14.436: Failed to set text ' Steradlye - Nekos & Stuff' from markup due to error parsing markup: Ошибка в строке 1: Конструкция не заканчивается точкой с запятой; похоже, что символ «&» был использован не для обозначения начала конструкции — экранируйте его как «&amp;

(waybar:460785): Gtk-WARNING **: 05:22:15.486: Failed to set text ' Steradlye - Nekos & Stuff' from markup due to error parsing markup: Ошибка в строке 1: Конструкция не заканчивается точкой с запятой; похоже, что символ «&» был использован не для обозначения начала конструкции — экранируйте его как «&amp;

(waybar:460785): Gtk-WARNING **: 05:22:16.537: Failed to set text ' Steradlye - Nekos & Stuff' from markup due to error parsing markup: Ошибка в строке 1: Конструкция не заканчивается точкой с запятой; похоже, что символ «&» был использован не для обозначения начала конструкции — экранируйте его как «&amp;

(waybar:460785): Gtk-WARNING **: 05:22:17.587: Failed to set text ' Steradlye - Nekos & Stuff' from markup due to error parsing markup: Ошибка в строке 1: Конструкция не заканчивается точкой с запятой; похоже, что символ «&» был использован не для обозначения начала конструкции — экранируйте его как «&amp;

(waybar:460785): Gtk-WARNING **: 05:22:18.637: Failed to set text ' Steradlye - Nekos & Stuff' from markup due to error parsing markup: Ошибка в строке 1: Конструкция не заканчивается точкой с запятой; похоже, что символ «&» был использован не для обозначения начала конструкции — экранируйте его как «&amp;

(waybar:460785): Gtk-WARNING **: 05:22:19.688: Failed to set text ' Steradlye - Nekos & Stuff' from markup due to error parsing markup: Ошибка в строке 1: Конструкция не заканчивается точкой с запятой; похоже, что символ «&» был использован не для обозначения начала конструкции — экранируйте его как «&amp;

(waybar:460785): Gtk-WARNING **: 05:22:20.735: Failed to set text ' Steradlye - Nekos & Stuff' from markup due to error parsing markup: Ошибка в строке 1: Конструкция не заканчивается точкой с запятой; похоже, что символ «&» был использован не для обозначения начала конструкции — экранируйте его как «&amp;

(waybar:460785): Gtk-WARNING **: 05:22:21.782: Failed to set text ' Steradlye - Nekos & Stuff' from markup due to error parsing markup: Ошибка в строке 1: Конструкция не заканчивается точкой с запятой; похоже, что символ «&» был использован не для обозначения начала конструкции — экранируйте его как «&amp;

(waybar:460785): Gtk-WARNING **: 05:22:22.826: Failed to set text ' Steradlye - Nekos & Stuff' from markup due to error parsing markup: Ошибка в строке 1: Конструкция не заканчивается точкой с запятой; похоже, что символ «&» был использован не для обозначения начала конструкции — экранируйте его как «&amp;

(waybar:460785): Gtk-WARNING **: 05:22:23.879: Failed to set text ' Steradlye - Nekos & Stuff' from markup due to error parsing markup: Ошибка в строке 1: Конструкция не заканчивается точкой с запятой; похоже, что символ «&» был использован не для обозначения начала конструкции — экранируйте его как «&amp;

(waybar:460785): Gtk-WARNING **: 05:22:24.932: Failed to set text ' Steradlye - Nekos & Stuff' from markup due to error parsing markup: Ошибка в строке 1: Конструкция не заканчивается точкой с запятой; похоже, что символ «&» был использован не для обозначения начала конструкции — экранируйте его как «&amp;

(waybar:460785): Gtk-WARNING **: 05:22:25.982: Failed to set text ' Steradlye - Nekos & Stuff' from markup due to error parsing markup: Ошибка в строке 1: Конструкция не заканчивается точкой с запятой; похоже, что символ «&» был использован не для обозначения начала конструкции — экранируйте его как «&amp;

(waybar:460785): Gtk-WARNING **: 05:22:27.029: Failed to set text ' Steradlye - Nekos & Stuff' from markup due to error parsing markup: Ошибка в строке 1: Конструкция не заканчивается точкой с запятой; похоже, что символ «&» был использован не для обозначения начала конструкции — экранируйте его как «&amp;
ok
ok
ok
ok
ok
ok
ok
ok
