[2m2023-04-16T14:51:51.848377Z[0m [32m INFO[0m [2mironbar[0m[2m:[0m Ironbar version 0.11.0
[2m2023-04-16T14:51:51.848407Z[0m [32m INFO[0m [2mironbar[0m[2m:[0m Starting application
[2m2023-04-16T14:51:51.908830Z[0m [32m INFO[0m [2mironbar[0m[2m:[0m Creating bar on 'DP-1'
[2m2023-04-16T14:51:51.912079Z[0m [32m INFO[0m [2mironbar::clients::compositor::hyprland[0m[2m:[0m Starting Hyprland event listener
[2m2023-04-16T14:51:51.913630Z[0m [32m INFO[0m [2mstray::notifier_watcher[0m[2m:[0m Starting notifier watcher
[2m2023-04-16T14:51:51.914888Z[0m [32m INFO[0m [2mstray::dbus::notifier_watcher_service[0m[2m:[0m StatusNotifierHost registered: 'org.freedesktop.StatusNotifierHost-545028-ironbar'
[2m2023-04-16T14:51:51.915118Z[0m [32m INFO[0m [2mstray::dbus::notifier_watcher_service[0m[2m:[0m StatusNotifierItem registered: ':1.9845/org/ayatana/NotificationItem/discord1'
[2m2023-04-16T14:51:51.915985Z[0m [32m INFO[0m [2mstray::notifier_watcher[0m[2m:[0m Got 1 notifier items
[2m2023-04-16T14:51:51.917158Z[0m [32m INFO[0m [2mstray::notifier_watcher[0m[2m:[0m StatusNotifierItem updated, dbus-address=:1.9845
[2m2023-04-16T14:51:51.927023Z[0m [31mERROR[0m [2mironbar::logging[0m[2m:[0m [31mThe application panicked (crashed).[0m
Message:  [36mError parsing data whith serde: invalid value: integer `-15`, expected u16 at line 39 column 23[0m
Location: [35m/home/delta/.cargo/registry/src/github.com-1ecc6299db9ec823/hyprland-0.3.1/src/event_listener/mutable.rs[0m:[35m53[0m

Backtrace omitted. Run with RUST_BACKTRACE=1 environment variable to display it.
Run with RUST_BACKTRACE=full to include source snippets.
[2m2023-04-16T14:51:51.942799Z[0m [32m INFO[0m [2mstray::dbus::notifier_watcher_service[0m[2m:[0m StatusNotifierItem registered: ':1.107/org/ayatana/NotificationItem/steam'
[2m2023-04-16T14:51:51.943087Z[0m [32m INFO[0m [2mstray::notifier_watcher[0m[2m:[0m StatusNotifierItemRegistered signal received service=:1.107/org/ayatana/NotificationItem/steam
[2m2023-04-16T14:51:52.044713Z[0m [32m INFO[0m [2mstray::notifier_watcher[0m[2m:[0m StatusNotifierItem updated, dbus-address=:1.107
[2m2023-04-16T14:52:08.791442Z[0m [32m INFO[0m [2mironbar[0m[2m:[0m Ironbar version 0.11.0
[2m2023-04-16T14:52:08.791471Z[0m [32m INFO[0m [2mironbar[0m[2m:[0m Starting application
[2m2023-04-16T14:52:08.845696Z[0m [32m INFO[0m [2mironbar[0m[2m:[0m Creating bar on 'DP-1'
[2m2023-04-16T14:52:08.854135Z[0m [32m INFO[0m [2mironbar::clients::compositor::hyprland[0m[2m:[0m Starting Hyprland event listener
[2m2023-04-16T14:52:08.854385Z[0m [31mERROR[0m [2mironbar::logging[0m[2m:[0m [31mThe application panicked (crashed).[0m
Message:  [36mError parsing data whith serde: invalid value: integer `-15`, expected u16 at line 39 column 23[0m
Location: [35m/home/delta/.cargo/registry/src/github.com-1ecc6299db9ec823/hyprland-0.3.1/src/event_listener/mutable.rs[0m:[35m53[0m

Backtrace omitted. Run with RUST_BACKTRACE=1 environment variable to display it.
Run with RUST_BACKTRACE=full to include source snippets.
[2m2023-04-16T14:52:08.855731Z[0m [32m INFO[0m [2mstray::notifier_watcher[0m[2m:[0m Starting notifier watcher
[2m2023-04-16T14:52:08.856810Z[0m [32m INFO[0m [2mstray::dbus::notifier_watcher_service[0m[2m:[0m StatusNotifierHost registered: 'org.freedesktop.StatusNotifierHost-545126-ironbar'
[2m2023-04-16T14:52:08.856952Z[0m [32m INFO[0m [2mstray::dbus::notifier_watcher_service[0m[2m:[0m StatusNotifierItem registered: ':1.9845/org/ayatana/NotificationItem/discord1'
[2m2023-04-16T14:52:08.857619Z[0m [32m INFO[0m [2mstray::notifier_watcher[0m[2m:[0m Got 1 notifier items
[2m2023-04-16T14:52:08.858680Z[0m [32m INFO[0m [2mstray::notifier_watcher[0m[2m:[0m StatusNotifierItem updated, dbus-address=:1.9845
[2m2023-04-16T14:52:08.860753Z[0m [32m INFO[0m [2mstray::dbus::notifier_watcher_service[0m[2m:[0m StatusNotifierItem registered: ':1.107/org/ayatana/NotificationItem/steam'
[2m2023-04-16T14:52:08.860885Z[0m [32m INFO[0m [2mstray::notifier_watcher[0m[2m:[0m StatusNotifierItemRegistered signal received service=:1.107/org/ayatana/NotificationItem/steam
[2m2023-04-16T14:52:08.962421Z[0m [32m INFO[0m [2mstray::notifier_watcher[0m[2m:[0m StatusNotifierItem updated, dbus-address=:1.107
[2m2023-04-16T14:53:07.517622Z[0m [31mERROR[0m [2mironbar::modules::focused[0m[2m:[0m 
   0: [91mUnknown image type: 'Microsoft-edge'[0m

Location:
   [35msrc/image/provider.rs[0m:[35m92[0m

Backtrace omitted. Run with RUST_BACKTRACE=1 environment variable to display it.
Run with RUST_BACKTRACE=full to include source snippets.
[2m2023-04-16T14:53:14.633580Z[0m [31mERROR[0m [2mironbar::modules::focused[0m[2m:[0m 
   0: [91mUnknown image type: 'Microsoft-edge'[0m

Location:
   [35msrc/image/provider.rs[0m:[35m92[0m

Backtrace omitted. Run with RUST_BACKTRACE=1 environment variable to display it.
Run with RUST_BACKTRACE=full to include source snippets.
[2m2023-04-16T14:53:25.956481Z[0m [31mERROR[0m [2mironbar::modules::focused[0m[2m:[0m 
   0: [91mUnknown image type: 'Microsoft-edge'[0m

Location:
   [35msrc/image/provider.rs[0m:[35m92[0m

Backtrace omitted. Run with RUST_BACKTRACE=1 environment variable to display it.
Run with RUST_BACKTRACE=full to include source snippets.
[2m2023-04-16T14:53:34.637876Z[0m [31mERROR[0m [2mironbar::modules::focused[0m[2m:[0m 
   0: [91mUnknown image type: 'Microsoft-edge'[0m

Location:
   [35msrc/image/provider.rs[0m:[35m92[0m

Backtrace omitted. Run with RUST_BACKTRACE=1 environment variable to display it.
Run with RUST_BACKTRACE=full to include source snippets.
[2m2023-04-16T14:53:35.440861Z[0m [31mERROR[0m [2mironbar::modules::focused[0m[2m:[0m 
   0: [91mUnknown image type: 'Microsoft-edge'[0m

Location:
   [35msrc/image/provider.rs[0m:[35m92[0m

Backtrace omitted. Run with RUST_BACKTRACE=1 environment variable to display it.
Run with RUST_BACKTRACE=full to include source snippets.
[2m2023-04-16T14:53:36.859064Z[0m [31mERROR[0m [2mironbar::modules::focused[0m[2m:[0m 
   0: [91mUnknown image type: 'Microsoft-edge'[0m

Location:
   [35msrc/image/provider.rs[0m:[35m92[0m

Backtrace omitted. Run with RUST_BACKTRACE=1 environment variable to display it.
Run with RUST_BACKTRACE=full to include source snippets.
[2m2023-04-16T14:54:18.554960Z[0m [31mERROR[0m [2mironbar::modules::focused[0m[2m:[0m 
   0: [91mUnknown image type: 'Microsoft-edge'[0m

Location:
   [35msrc/image/provider.rs[0m:[35m92[0m

Backtrace omitted. Run with RUST_BACKTRACE=1 environment variable to display it.
Run with RUST_BACKTRACE=full to include source snippets.
[2m2023-04-16T14:54:20.145097Z[0m [31mERROR[0m [2mironbar::modules::focused[0m[2m:[0m 
   0: [91mUnknown image type: 'Microsoft-edge'[0m

Location:
   [35msrc/image/provider.rs[0m:[35m92[0m

Backtrace omitted. Run with RUST_BACKTRACE=1 environment variable to display it.
Run with RUST_BACKTRACE=full to include source snippets.
[2m2023-04-16T14:55:13.183823Z[0m [31mERROR[0m [2mironbar::modules::focused[0m[2m:[0m 
   0: [91mUnknown image type: 'Microsoft-edge'[0m

Location:
   [35msrc/image/provider.rs[0m:[35m92[0m

Backtrace omitted. Run with RUST_BACKTRACE=1 environment variable to display it.
Run with RUST_BACKTRACE=full to include source snippets.
[2m2023-04-16T14:56:17.814381Z[0m [32m INFO[0m [2mironbar[0m[2m:[0m Ironbar version 0.11.0
[2m2023-04-16T14:56:17.814448Z[0m [32m INFO[0m [2mironbar[0m[2m:[0m Starting application
[2m2023-04-16T14:56:17.931294Z[0m [32m INFO[0m [2mironbar[0m[2m:[0m Creating bar on 'DP-1'
[2m2023-04-16T14:56:17.938137Z[0m [32m INFO[0m [2mironbar::clients::compositor::hyprland[0m[2m:[0m Starting Hyprland event listener
[2m2023-04-16T14:56:17.939545Z[0m [32m INFO[0m [2mstray::notifier_watcher[0m[2m:[0m Starting notifier watcher
[2m2023-04-16T14:56:17.940426Z[0m [31mERROR[0m [2mironbar::logging[0m[2m:[0m [31mThe application panicked (crashed).[0m
Message:  [36mError parsing data whith serde: invalid value: integer `-15`, expected u16 at line 39 column 23[0m
Location: [35m/home/delta/.cargo/registry/src/github.com-1ecc6299db9ec823/hyprland-0.3.1/src/event_listener/mutable.rs[0m:[35m53[0m

Backtrace omitted. Run with RUST_BACKTRACE=1 environment variable to display it.
Run with RUST_BACKTRACE=full to include source snippets.
[2m2023-04-16T14:56:17.940903Z[0m [31mERROR[0m [2mironbar::clients::system_tray[0m[2m:[0m 
   0: [91mFailed to create StatusNotifierWatcher (attempt 1)[0m
   1: [91mDbus connection error[0m
   2: [91morg.freedesktop.DBus.Error.ServiceUnknown: The name org.kde.StatusNotifierWatcher was not provided by any .service files[0m

Location:
   [35msrc/clients/system_tray.rs[0m:[35m106[0m

Backtrace omitted. Run with RUST_BACKTRACE=1 environment variable to display it.
Run with RUST_BACKTRACE=full to include source snippets.
[2m2023-04-16T14:56:17.941023Z[0m [32m INFO[0m [2mstray::notifier_watcher[0m[2m:[0m Starting notifier watcher
[2m2023-04-16T14:56:17.941580Z[0m [32m INFO[0m [2mstray::dbus::notifier_watcher_service[0m[2m:[0m StatusNotifierItem registered: ':1.9845/org/ayatana/NotificationItem/discord1'
[2m2023-04-16T14:56:17.942589Z[0m [31mERROR[0m [2mironbar::logging[0m[2m:[0m [31mThe application panicked (crashed).[0m
Message:  [36mUnexpected StatusNotifierError : DbusError(NameTaken)[0m
Location: [35m/home/delta/.cargo/registry/src/github.com-1ecc6299db9ec823/stray-0.1.3/src/notifier_watcher/mod.rs[0m:[35m37[0m

Backtrace omitted. Run with RUST_BACKTRACE=1 environment variable to display it.
Run with RUST_BACKTRACE=full to include source snippets.
[2m2023-04-16T14:56:17.943142Z[0m [32m INFO[0m [2mstray::dbus::notifier_watcher_service[0m[2m:[0m StatusNotifierHost registered: 'org.freedesktop.StatusNotifierHost-546444-ironbar'
[2m2023-04-16T14:56:17.943657Z[0m [32m INFO[0m [2mstray::notifier_watcher[0m[2m:[0m Got 1 notifier items
[2m2023-04-16T14:56:17.944691Z[0m [32m INFO[0m [2mstray::notifier_watcher[0m[2m:[0m StatusNotifierItem updated, dbus-address=:1.9845
[2m2023-04-16T14:56:17.944714Z[0m [31mERROR[0m [2mironbar::logging[0m[2m:[0m [31mThe application panicked (crashed).[0m
Message:  [36mFailed to dispatch NotifierItemMessage: SendError(Update { address: ":1.9845", item: StatusNotifierItem { id: "discord1", category: ApplicationStatus, status: Passive, icon_name: Some("discord1_348"), icon_accessible_desc: Some("icon"), attention_icon_name: Some(""), title: Some("Discord"), icon_theme_path: Some("/home/delta/.var/app/com.discordapp.Discord/cache/.org.chromium.Chromium.ixq3d3"), icon_pixmap: None, menu: Some("/org/ayatana/NotificationItem/discord1/Menu") }, menu: Some(TrayMenu { id: 2, submenus: [MenuItem { id: 2, children_display: None, label: "Discord", enabled: false, visible: true, icon_name: None, toggle_state: Indeterminate, toggle_type: CannotBeToggled, menu_type: Standard, disposition: Normal, submenu: [] }, MenuItem { id: 3, children_display: None, label: "", enabled: true, visible: true, icon_name: None, toggle_state: Indeterminate, toggle_type: CannotBeToggled, menu_type: Separator, disposition: Normal, submenu: [] }, MenuItem { id: 4, children_display: None, label: "Open Discord", enabled: true, visible: true, icon_name: None, toggle_state: Indeterminate, toggle_type: CannotBeToggled, menu_type: Standard, disposition: Normal, submenu: [] }, MenuItem { id: 5, children_display: None, label: "Mute", enabled: true, visible: false, icon_name: None, toggle_state: Indeterminate, toggle_type: Checkmark, menu_type: Standard, disposition: Normal, submenu: [] }, MenuItem { id: 6, children_display: None, label: "Deafen", enabled: true, visible: false, icon_name: None, toggle_state: Indeterminate, toggle_type: Checkmark, menu_type: Standard, disposition: Normal, submenu: [] }, MenuItem { id: 7, children_display: None, label: "Voice / Video Settings", enabled: true, visible: false, icon_name: None, toggle_state: Indeterminate, toggle_type: CannotBeToggled, menu_type: Standard, disposition: Normal, submenu: [] }, MenuItem { id: 8, children_display: None, label: "Check for Updates...", enabled: true, visible: true, icon_name: None, toggle_state: Indeterminate, toggle_type: CannotBeToggled, menu_type: Standard, disposition: Normal, submenu: [] }, MenuItem { id: 9, children_display: None, label: "Acknowledgements", enabled: true, visible: true, icon_name: None, toggle_state: Indeterminate, toggle_type: CannotBeToggled, menu_type: Standard, disposition: Normal, submenu: [] }, MenuItem { id: 10, children_display: None, label: "", enabled: true, visible: true, icon_name: None, toggle_state: Indeterminate, toggle_type: CannotBeToggled, menu_type: Separator, disposition: Normal, submenu: [] }, MenuItem { id: 11, children_display: None, label: "Quit Discord", enabled: true, visible: true, icon_name: None, toggle_state: Indeterminate, toggle_type: CannotBeToggled, menu_type: Standard, disposition: Normal, submenu: [] }] }) })[0m
Location: [35m/home/delta/.cargo/registry/src/github.com-1ecc6299db9ec823/stray-0.1.3/src/notifier_watcher/mod.rs[0m:[35m284[0m

Backtrace omitted. Run with RUST_BACKTRACE=1 environment variable to display it.
Run with RUST_BACKTRACE=full to include source snippets.
[2m2023-04-16T14:56:17.977344Z[0m [32m INFO[0m [2mstray::dbus::notifier_watcher_service[0m[2m:[0m StatusNotifierItem registered: ':1.107/org/ayatana/NotificationItem/steam'
[2m2023-04-16T14:56:17.977548Z[0m [32m INFO[0m [2mstray::notifier_watcher[0m[2m:[0m StatusNotifierItemRegistered signal received service=:1.107/org/ayatana/NotificationItem/steam
[2m2023-04-16T14:56:18.029996Z[0m [32m INFO[0m [2mstray::notifier_watcher[0m[2m:[0m StatusNotifierItem updated, dbus-address=:1.107
[2m2023-04-16T14:56:18.030086Z[0m [31mERROR[0m [2mironbar::logging[0m[2m:[0m [31mThe application panicked (crashed).[0m
Message:  [36mFailed to dispatch NotifierItemMessage: SendError(Update { address: ":1.107", item: StatusNotifierItem { id: "steam", category: ApplicationStatus, status: Passive, icon_name: Some("steam_tray_mono"), icon_accessible_desc: Some(""), attention_icon_name: Some(""), title: Some("Steam"), icon_theme_path: Some("/home/delta/.local/share/Steam/public"), icon_pixmap: None, menu: Some("/org/ayatana/NotificationItem/steam/Menu") }, menu: Some(TrayMenu { id: 1702, submenus: [MenuItem { id: 844, children_display: None, label: "Counter-Strike: Global Offensive", enabled: true, visible: true, icon_name: None, toggle_state: Indeterminate, toggle_type: CannotBeToggled, menu_type: Standard, disposition: Normal, submenu: [] }, MenuItem { id: 845, children_display: None, label: "Dota 2", enabled: true, visible: true, icon_name: None, toggle_state: Indeterminate, toggle_type: CannotBeToggled, menu_type: Standard, disposition: Normal, submenu: [] }, MenuItem { id: 846, children_display: None, label: "Garry's Mod", enabled: true, visible: true, icon_name: None, toggle_state: Indeterminate, toggle_type: CannotBeToggled, menu_type: Standard, disposition: Normal, submenu: [] }, MenuItem { id: 847, children_display: None, label: "ULTRAKILL", enabled: true, visible: true, icon_name: None, toggle_state: Indeterminate, toggle_type: CannotBeToggled, menu_type: Standard, disposition: Normal, submenu: [] }, MenuItem { id: 848, children_display: None, label: "s&box", enabled: true, visible: true, icon_name: None, toggle_state: Indeterminate, toggle_type: CannotBeToggled, menu_type: Standard, disposition: Normal, submenu: [] }, MenuItem { id: 849, children_display: None, label: "", enabled: true, visible: true, icon_name: None, toggle_state: Indeterminate, toggle_type: CannotBeToggled, menu_type: Separator, disposition: Normal, submenu: [] }, MenuItem { id: 850, children_display: None, label: "Магазин", enabled: true, visible: true, icon_name: None, toggle_state: Indeterminate, toggle_type: CannotBeToggled, menu_type: Standard, disposition: Normal, submenu: [] }, MenuItem { id: 851, children_display: None, label: "Библиотека", enabled: true, visible: true, icon_name: None, toggle_state: Indeterminate, toggle_type: CannotBeToggled, menu_type: Standard, disposition: Normal, submenu: [] }, MenuItem { id: 852, children_display: None, label: "Сообщество", enabled: true, visible: true, icon_name: None, toggle_state: Indeterminate, toggle_type: CannotBeToggled, menu_type: Standard, disposition: Normal, submenu: [] }, MenuItem { id: 853, children_display: None, label: "", enabled: true, visible: true, icon_name: None, toggle_state: Indeterminate, toggle_type: CannotBeToggled, menu_type: Separator, disposition: Normal, submenu: [] }, MenuItem { id: 854, children_display: None, label: "Друзья", enabled: true, visible: true, icon_name: None, toggle_state: Indeterminate, toggle_type: CannotBeToggled, menu_type: Standard, disposition: Normal, submenu: [] }, MenuItem { id: 855, children_display: None, label: "Настройки", enabled: true, visible: true, icon_name: None, toggle_state: Indeterminate, toggle_type: CannotBeToggled, menu_type: Standard, disposition: Normal, submenu: [] }, MenuItem { id: 856, children_display: None, label: "", enabled: true, visible: true, icon_name: None, toggle_state: Indeterminate, toggle_type: CannotBeToggled, menu_type: Separator, disposition: Normal, submenu: [] }, MenuItem { id: 857, children_display: None, label: "Big Picture", enabled: true, visible: true, icon_name: None, toggle_state: Indeterminate, toggle_type: CannotBeToggled, menu_type: Standard, disposition: Normal, submenu: [] }, MenuItem { id: 858, children_display: None, label: "SteamVR", enabled: true, visible: true, icon_name: None, toggle_state: Indeterminate, toggle_type: CannotBeToggled, menu_type: Standard, disposition: Normal, submenu: [] }, MenuItem { id: 859, children_display: None, label: "Выйти из Steam", enabled: true, visible: true, icon_name: None, toggle_state: Indeterminate, toggle_type: CannotBeToggled, menu_type: Standard, disposition: Normal, submenu: [] }] }) })[0m
Location: [35m/home/delta/.cargo/registry/src/github.com-1ecc6299db9ec823/stray-0.1.3/src/notifier_watcher/mod.rs[0m:[35m284[0m

Backtrace omitted. Run with RUST_BACKTRACE=1 environment variable to display it.
Run with RUST_BACKTRACE=full to include source snippets.
[2m2023-04-16T14:56:34.154072Z[0m [32m INFO[0m [2mironbar::style[0m[2m:[0m Reloading CSS
[2m2023-04-16T14:56:34.154559Z[0m [32m INFO[0m [2mironbar::style[0m[2m:[0m Reloading CSS
[2m2023-04-16T14:56:37.103952Z[0m [32m INFO[0m [2mironbar::style[0m[2m:[0m Reloading CSS
[2m2023-04-16T14:56:37.105389Z[0m [32m INFO[0m [2mironbar::style[0m[2m:[0m Reloading CSS
[2m2023-04-16T14:56:40.506548Z[0m [32m INFO[0m [2mironbar::style[0m[2m:[0m Reloading CSS
[2m2023-04-16T14:56:40.507576Z[0m [32m INFO[0m [2mironbar::style[0m[2m:[0m Reloading CSS
[2m2023-04-16T14:56:41.695497Z[0m [32m INFO[0m [2mironbar::style[0m[2m:[0m Reloading CSS
[2m2023-04-16T14:56:41.697052Z[0m [32m INFO[0m [2mironbar::style[0m[2m:[0m Reloading CSS
[2m2023-04-16T14:56:56.628792Z[0m [32m INFO[0m [2mironbar::style[0m[2m:[0m Reloading CSS
[2m2023-04-16T14:56:56.629803Z[0m [32m INFO[0m [2mironbar::style[0m[2m:[0m Reloading CSS
[2m2023-04-16T14:56:59.926895Z[0m [31mERROR[0m [2mironbar::modules::focused[0m[2m:[0m 
   0: [91mUnknown image type: 'Microsoft-edge'[0m

Location:
   [35msrc/image/provider.rs[0m:[35m92[0m

Backtrace omitted. Run with RUST_BACKTRACE=1 environment variable to display it.
Run with RUST_BACKTRACE=full to include source snippets.
[2m2023-04-16T14:57:02.878812Z[0m [31mERROR[0m [2mironbar::modules::focused[0m[2m:[0m 
   0: [91mUnknown image type: 'Microsoft-edge'[0m

Location:
   [35msrc/image/provider.rs[0m:[35m92[0m

Backtrace omitted. Run with RUST_BACKTRACE=1 environment variable to display it.
Run with RUST_BACKTRACE=full to include source snippets.
[2m2023-04-16T14:57:07.172869Z[0m [31mERROR[0m [2mironbar::modules::focused[0m[2m:[0m 
   0: [91mUnknown image type: 'Microsoft-edge'[0m

Location:
   [35msrc/image/provider.rs[0m:[35m92[0m

Backtrace omitted. Run with RUST_BACKTRACE=1 environment variable to display it.
Run with RUST_BACKTRACE=full to include source snippets.
[2m2023-04-16T14:57:21.673638Z[0m [31mERROR[0m [2mironbar::modules::focused[0m[2m:[0m 
   0: [91mUnknown image type: 'Microsoft-edge'[0m

Location:
   [35msrc/image/provider.rs[0m:[35m92[0m

Backtrace omitted. Run with RUST_BACKTRACE=1 environment variable to display it.
Run with RUST_BACKTRACE=full to include source snippets.
[2m2023-04-16T14:57:22.113935Z[0m [31mERROR[0m [2mironbar::modules::focused[0m[2m:[0m 
   0: [91mUnknown image type: 'font-manager'[0m

Location:
   [35msrc/image/provider.rs[0m:[35m92[0m

Backtrace omitted. Run with RUST_BACKTRACE=1 environment variable to display it.
Run with RUST_BACKTRACE=full to include source snippets.
[2m2023-04-16T14:57:32.793004Z[0m [32m INFO[0m [2mironbar::style[0m[2m:[0m Reloading CSS
[2m2023-04-16T14:57:32.793846Z[0m [32m INFO[0m [2mironbar::style[0m[2m:[0m Reloading CSS
[2m2023-04-16T14:57:54.220899Z[0m [31mERROR[0m [2mironbar::modules::focused[0m[2m:[0m 
   0: [91mUnknown image type: 'Microsoft-edge'[0m

Location:
   [35msrc/image/provider.rs[0m:[35m92[0m

Backtrace omitted. Run with RUST_BACKTRACE=1 environment variable to display it.
Run with RUST_BACKTRACE=full to include source snippets.
[2m2023-04-16T14:58:13.872144Z[0m [32m INFO[0m [2mironbar::style[0m[2m:[0m Reloading CSS
[2m2023-04-16T14:58:13.873033Z[0m [32m INFO[0m [2mironbar::style[0m[2m:[0m Reloading CSS
[2m2023-04-16T14:58:29.168299Z[0m [32m INFO[0m [2mironbar::style[0m[2m:[0m Reloading CSS
[2m2023-04-16T14:58:29.169168Z[0m [32m INFO[0m [2mironbar::style[0m[2m:[0m Reloading CSS
[2m2023-04-16T14:58:34.302469Z[0m [32m INFO[0m [2mironbar::style[0m[2m:[0m Reloading CSS
[2m2023-04-16T14:58:34.303324Z[0m [32m INFO[0m [2mironbar::style[0m[2m:[0m Reloading CSS
[2m2023-04-16T14:58:52.906769Z[0m [32m INFO[0m [2mironbar::style[0m[2m:[0m Reloading CSS
[2m2023-04-16T14:58:52.907656Z[0m [32m INFO[0m [2mironbar::style[0m[2m:[0m Reloading CSS
[2m2023-04-16T14:59:07.382061Z[0m [32m INFO[0m [2mironbar::style[0m[2m:[0m Reloading CSS
[2m2023-04-16T14:59:07.383565Z[0m [32m INFO[0m [2mironbar::style[0m[2m:[0m Reloading CSS
[2m2023-04-16T14:59:12.089584Z[0m [32m INFO[0m [2mironbar::style[0m[2m:[0m Reloading CSS
[2m2023-04-16T14:59:12.091130Z[0m [32m INFO[0m [2mironbar::style[0m[2m:[0m Reloading CSS
[2m2023-04-16T14:59:16.618580Z[0m [32m INFO[0m [2mironbar::style[0m[2m:[0m Reloading CSS
[2m2023-04-16T14:59:16.620103Z[0m [32m INFO[0m [2mironbar::style[0m[2m:[0m Reloading CSS
[2m2023-04-16T14:59:17.808527Z[0m [31mERROR[0m [2mironbar::modules::focused[0m[2m:[0m 
   0: [91mUnknown image type: 'Microsoft-edge'[0m

Location:
   [35msrc/image/provider.rs[0m:[35m92[0m

Backtrace omitted. Run with RUST_BACKTRACE=1 environment variable to display it.
Run with RUST_BACKTRACE=full to include source snippets.
[2m2023-04-16T14:59:58.436718Z[0m [32m INFO[0m [2mironbar::style[0m[2m:[0m Reloading CSS
[2m2023-04-16T14:59:58.438310Z[0m [32m INFO[0m [2mironbar::style[0m[2m:[0m Reloading CSS
[2m2023-04-16T15:00:01.096531Z[0m [31mERROR[0m [2mironbar::modules::focused[0m[2m:[0m 
   0: [91mUnknown image type: 'Microsoft-edge'[0m

Location:
   [35msrc/image/provider.rs[0m:[35m92[0m

Backtrace omitted. Run with RUST_BACKTRACE=1 environment variable to display it.
Run with RUST_BACKTRACE=full to include source snippets.
[2m2023-04-16T15:00:02.432199Z[0m [31mERROR[0m [2mironbar::modules::focused[0m[2m:[0m 
   0: [91mUnknown image type: 'font-manager'[0m

Location:
   [35msrc/image/provider.rs[0m:[35m92[0m

Backtrace omitted. Run with RUST_BACKTRACE=1 environment variable to display it.
Run with RUST_BACKTRACE=full to include source snippets.
[2m2023-04-16T15:00:02.502255Z[0m [31mERROR[0m [2mironbar::modules::focused[0m[2m:[0m 
   0: [91mUnknown image type: 'Microsoft-edge'[0m

Location:
   [35msrc/image/provider.rs[0m:[35m92[0m

Backtrace omitted. Run with RUST_BACKTRACE=1 environment variable to display it.
Run with RUST_BACKTRACE=full to include source snippets.
[2m2023-04-16T15:00:26.046182Z[0m [31mERROR[0m [2mironbar::modules::focused[0m[2m:[0m 
   0: [91mUnknown image type: 'font-manager'[0m

Location:
   [35msrc/image/provider.rs[0m:[35m92[0m

Backtrace omitted. Run with RUST_BACKTRACE=1 environment variable to display it.
Run with RUST_BACKTRACE=full to include source snippets.
[2m2023-04-16T15:00:41.041772Z[0m [32m INFO[0m [2mironbar::style[0m[2m:[0m Reloading CSS
[2m2023-04-16T15:00:41.043318Z[0m [32m INFO[0m [2mironbar::style[0m[2m:[0m Reloading CSS
[2m2023-04-16T15:00:56.038905Z[0m [32m INFO[0m [2mironbar::style[0m[2m:[0m Reloading CSS
[2m2023-04-16T15:00:56.040429Z[0m [32m INFO[0m [2mironbar::style[0m[2m:[0m Reloading CSS
[2m2023-04-16T15:01:03.491559Z[0m [32m INFO[0m [2mironbar::style[0m[2m:[0m Reloading CSS
[2m2023-04-16T15:01:03.493032Z[0m [32m INFO[0m [2mironbar::style[0m[2m:[0m Reloading CSS
[2m2023-04-16T15:01:09.947847Z[0m [31mERROR[0m [2mironbar::modules::focused[0m[2m:[0m 
   0: [91mUnknown image type: 'font-manager'[0m

Location:
   [35msrc/image/provider.rs[0m:[35m92[0m

Backtrace omitted. Run with RUST_BACKTRACE=1 environment variable to display it.
Run with RUST_BACKTRACE=full to include source snippets.
[2m2023-04-16T15:01:10.087713Z[0m [31mERROR[0m [2mironbar::modules::focused[0m[2m:[0m 
   0: [91mUnknown image type: 'Microsoft-edge'[0m

Location:
   [35msrc/image/provider.rs[0m:[35m92[0m

Backtrace omitted. Run with RUST_BACKTRACE=1 environment variable to display it.
Run with RUST_BACKTRACE=full to include source snippets.
[2m2023-04-16T15:01:17.260856Z[0m [31mERROR[0m [2mironbar::modules::focused[0m[2m:[0m 
   0: [91mUnknown image type: 'font-manager'[0m

Location:
   [35msrc/image/provider.rs[0m:[35m92[0m

Backtrace omitted. Run with RUST_BACKTRACE=1 environment variable to display it.
Run with RUST_BACKTRACE=full to include source snippets.
[2m2023-04-16T15:01:19.971944Z[0m [32m INFO[0m [2mironbar::style[0m[2m:[0m Reloading CSS
[2m2023-04-16T15:01:19.973468Z[0m [32m INFO[0m [2mironbar::style[0m[2m:[0m Reloading CSS
[2m2023-04-16T15:01:24.614931Z[0m [32m INFO[0m [2mironbar::style[0m[2m:[0m Reloading CSS
[2m2023-04-16T15:01:24.616415Z[0m [32m INFO[0m [2mironbar::style[0m[2m:[0m Reloading CSS
[2m2023-04-16T15:01:33.123863Z[0m [32m INFO[0m [2mironbar::style[0m[2m:[0m Reloading CSS
[2m2023-04-16T15:01:33.125399Z[0m [32m INFO[0m [2mironbar::style[0m[2m:[0m Reloading CSS
[2m2023-04-16T15:01:38.602543Z[0m [32m INFO[0m [2mironbar::style[0m[2m:[0m Reloading CSS
[2m2023-04-16T15:01:38.604189Z[0m [32m INFO[0m [2mironbar::style[0m[2m:[0m Reloading CSS
[2m2023-04-16T15:01:39.164004Z[0m [32m INFO[0m [2mironbar::style[0m[2m:[0m Reloading CSS
[2m2023-04-16T15:01:39.164754Z[0m [32m INFO[0m [2mironbar::style[0m[2m:[0m Reloading CSS
[2m2023-04-16T15:01:41.982046Z[0m [31mERROR[0m [2mironbar::modules::focused[0m[2m:[0m 
   0: [91mUnknown image type: 'font-manager'[0m

Location:
   [35msrc/image/provider.rs[0m:[35m92[0m

Backtrace omitted. Run with RUST_BACKTRACE=1 environment variable to display it.
Run with RUST_BACKTRACE=full to include source snippets.
[2m2023-04-16T15:01:42.041631Z[0m [31mERROR[0m [2mironbar::modules::focused[0m[2m:[0m 
   0: [91mUnknown image type: 'Microsoft-edge'[0m

Location:
   [35msrc/image/provider.rs[0m:[35m92[0m

Backtrace omitted. Run with RUST_BACKTRACE=1 environment variable to display it.
Run with RUST_BACKTRACE=full to include source snippets.
[2m2023-04-16T15:02:31.020730Z[0m [32m INFO[0m [2mironbar[0m[2m:[0m Ironbar version 0.11.0
[2m2023-04-16T15:02:31.020750Z[0m [32m INFO[0m [2mironbar[0m[2m:[0m Starting application
[2m2023-04-16T15:02:31.104919Z[0m [32m INFO[0m [2mironbar[0m[2m:[0m Creating bar on 'DP-1'
[2m2023-04-16T15:02:31.108241Z[0m [32m INFO[0m [2mironbar::clients::compositor::hyprland[0m[2m:[0m Starting Hyprland event listener
[2m2023-04-16T15:02:31.108532Z[0m [31mERROR[0m [2mironbar::logging[0m[2m:[0m [31mThe application panicked (crashed).[0m
Message:  [36mError parsing data whith serde: invalid value: integer `-15`, expected u16 at line 39 column 23[0m
Location: [35m/home/delta/.cargo/registry/src/github.com-1ecc6299db9ec823/hyprland-0.3.1/src/event_listener/mutable.rs[0m:[35m53[0m

Backtrace omitted. Run with RUST_BACKTRACE=1 environment variable to display it.
Run with RUST_BACKTRACE=full to include source snippets.
[2m2023-04-16T15:02:31.109739Z[0m [32m INFO[0m [2mstray::notifier_watcher[0m[2m:[0m Starting notifier watcher
[2m2023-04-16T15:02:31.110867Z[0m [32m INFO[0m [2mstray::dbus::notifier_watcher_service[0m[2m:[0m StatusNotifierHost registered: 'org.freedesktop.StatusNotifierHost-549070-ironbar'
[2m2023-04-16T15:02:31.111118Z[0m [32m INFO[0m [2mstray::dbus::notifier_watcher_service[0m[2m:[0m StatusNotifierItem registered: ':1.9845/org/ayatana/NotificationItem/discord1'
[2m2023-04-16T15:02:31.111859Z[0m [32m INFO[0m [2mstray::notifier_watcher[0m[2m:[0m Got 1 notifier items
[2m2023-04-16T15:02:31.112969Z[0m [32m INFO[0m [2mstray::notifier_watcher[0m[2m:[0m StatusNotifierItem updated, dbus-address=:1.9845
[2m2023-04-16T15:02:31.129010Z[0m [32m INFO[0m [2mstray::dbus::notifier_watcher_service[0m[2m:[0m StatusNotifierItem registered: ':1.107/org/ayatana/NotificationItem/steam'
[2m2023-04-16T15:02:31.129152Z[0m [32m INFO[0m [2mstray::notifier_watcher[0m[2m:[0m StatusNotifierItemRegistered signal received service=:1.107/org/ayatana/NotificationItem/steam
[2m2023-04-16T15:02:31.180686Z[0m [32m INFO[0m [2mstray::notifier_watcher[0m[2m:[0m StatusNotifierItem updated, dbus-address=:1.107
[2m2023-04-16T15:02:36.351687Z[0m [31mERROR[0m [2mironbar::modules::focused[0m[2m:[0m 
   0: [91mUnknown image type: 'Microsoft-edge'[0m

Location:
   [35msrc/image/provider.rs[0m:[35m92[0m

Backtrace omitted. Run with RUST_BACKTRACE=1 environment variable to display it.
Run with RUST_BACKTRACE=full to include source snippets.
[2m2023-04-16T15:03:22.132128Z[0m [32m INFO[0m [2mironbar[0m[2m:[0m Ironbar version 0.11.0
[2m2023-04-16T15:03:22.132152Z[0m [32m INFO[0m [2mironbar[0m[2m:[0m Starting application
Failed to register: GDBus.Error:org.freedesktop.DBus.Error.NoReply: Message recipient disconnected from message bus without replying
[2m2023-04-16T15:03:29.134967Z[0m [32m INFO[0m [2mironbar[0m[2m:[0m Ironbar version 0.11.0
[2m2023-04-16T15:03:29.134992Z[0m [32m INFO[0m [2mironbar[0m[2m:[0m Starting application
[2m2023-04-16T15:03:29.187936Z[0m [32m INFO[0m [2mironbar[0m[2m:[0m Creating bar on 'DP-1'
[2m2023-04-16T15:03:29.191028Z[0m [32m INFO[0m [2mironbar::clients::compositor::hyprland[0m[2m:[0m Starting Hyprland event listener
[2m2023-04-16T15:03:29.191276Z[0m [31mERROR[0m [2mironbar::logging[0m[2m:[0m [31mThe application panicked (crashed).[0m
Message:  [36mError parsing data whith serde: invalid value: integer `-15`, expected u16 at line 39 column 23[0m
Location: [35m/home/delta/.cargo/registry/src/github.com-1ecc6299db9ec823/hyprland-0.3.1/src/event_listener/mutable.rs[0m:[35m53[0m

Backtrace omitted. Run with RUST_BACKTRACE=1 environment variable to display it.
Run with RUST_BACKTRACE=full to include source snippets.
[2m2023-04-16T15:03:29.192562Z[0m [32m INFO[0m [2mstray::notifier_watcher[0m[2m:[0m Starting notifier watcher
[2m2023-04-16T15:03:29.193896Z[0m [31mERROR[0m [2mironbar::clients::system_tray[0m[2m:[0m 
   0: [91mFailed to create StatusNotifierWatcher (attempt 1)[0m
   1: [91mDbus connection error[0m
   2: [91morg.freedesktop.DBus.Error.ServiceUnknown: The name org.kde.StatusNotifierWatcher was not provided by any .service files[0m

Location:
   [35msrc/clients/system_tray.rs[0m:[35m106[0m

Backtrace omitted. Run with RUST_BACKTRACE=1 environment variable to display it.
Run with RUST_BACKTRACE=full to include source snippets.
[2m2023-04-16T15:03:29.194034Z[0m [32m INFO[0m [2mstray::notifier_watcher[0m[2m:[0m Starting notifier watcher
[2m2023-04-16T15:03:29.194959Z[0m [32m INFO[0m [2mstray::dbus::notifier_watcher_service[0m[2m:[0m StatusNotifierItem registered: ':1.9845/org/ayatana/NotificationItem/discord1'
[2m2023-04-16T15:03:29.196132Z[0m [31mERROR[0m [2mironbar::logging[0m[2m:[0m [31mThe application panicked (crashed).[0m
Message:  [36mUnexpected StatusNotifierError : DbusError(NameTaken)[0m
Location: [35m/home/delta/.cargo/registry/src/github.com-1ecc6299db9ec823/stray-0.1.3/src/notifier_watcher/mod.rs[0m:[35m37[0m

Backtrace omitted. Run with RUST_BACKTRACE=1 environment variable to display it.
Run with RUST_BACKTRACE=full to include source snippets.
[2m2023-04-16T15:03:29.196301Z[0m [32m INFO[0m [2mstray::dbus::notifier_watcher_service[0m[2m:[0m StatusNotifierHost registered: 'org.freedesktop.StatusNotifierHost-549539-ironbar'
[2m2023-04-16T15:03:29.197080Z[0m [32m INFO[0m [2mstray::notifier_watcher[0m[2m:[0m Got 1 notifier items
[2m2023-04-16T15:03:29.198674Z[0m [32m INFO[0m [2mstray::notifier_watcher[0m[2m:[0m StatusNotifierItem updated, dbus-address=:1.9845
[2m2023-04-16T15:03:29.198707Z[0m [31mERROR[0m [2mironbar::logging[0m[2m:[0m [31mThe application panicked (crashed).[0m
Message:  [36mFailed to dispatch NotifierItemMessage: SendError(Update { address: ":1.9845", item: StatusNotifierItem { id: "discord1", category: ApplicationStatus, status: Passive, icon_name: Some("discord1_348"), icon_accessible_desc: Some("icon"), attention_icon_name: Some(""), title: Some("Discord"), icon_theme_path: Some("/home/delta/.var/app/com.discordapp.Discord/cache/.org.chromium.Chromium.ixq3d3"), icon_pixmap: None, menu: Some("/org/ayatana/NotificationItem/discord1/Menu") }, menu: Some(TrayMenu { id: 2, submenus: [MenuItem { id: 2, children_display: None, label: "Discord", enabled: false, visible: true, icon_name: None, toggle_state: Indeterminate, toggle_type: CannotBeToggled, menu_type: Standard, disposition: Normal, submenu: [] }, MenuItem { id: 3, children_display: None, label: "", enabled: true, visible: true, icon_name: None, toggle_state: Indeterminate, toggle_type: CannotBeToggled, menu_type: Separator, disposition: Normal, submenu: [] }, MenuItem { id: 4, children_display: None, label: "Open Discord", enabled: true, visible: true, icon_name: None, toggle_state: Indeterminate, toggle_type: CannotBeToggled, menu_type: Standard, disposition: Normal, submenu: [] }, MenuItem { id: 5, children_display: None, label: "Mute", enabled: true, visible: false, icon_name: None, toggle_state: Indeterminate, toggle_type: Checkmark, menu_type: Standard, disposition: Normal, submenu: [] }, MenuItem { id: 6, children_display: None, label: "Deafen", enabled: true, visible: false, icon_name: None, toggle_state: Indeterminate, toggle_type: Checkmark, menu_type: Standard, disposition: Normal, submenu: [] }, MenuItem { id: 7, children_display: None, label: "Voice / Video Settings", enabled: true, visible: false, icon_name: None, toggle_state: Indeterminate, toggle_type: CannotBeToggled, menu_type: Standard, disposition: Normal, submenu: [] }, MenuItem { id: 8, children_display: None, label: "Check for Updates...", enabled: true, visible: true, icon_name: None, toggle_state: Indeterminate, toggle_type: CannotBeToggled, menu_type: Standard, disposition: Normal, submenu: [] }, MenuItem { id: 9, children_display: None, label: "Acknowledgements", enabled: true, visible: true, icon_name: None, toggle_state: Indeterminate, toggle_type: CannotBeToggled, menu_type: Standard, disposition: Normal, submenu: [] }, MenuItem { id: 10, children_display: None, label: "", enabled: true, visible: true, icon_name: None, toggle_state: Indeterminate, toggle_type: CannotBeToggled, menu_type: Separator, disposition: Normal, submenu: [] }, MenuItem { id: 11, children_display: None, label: "Quit Discord", enabled: true, visible: true, icon_name: None, toggle_state: Indeterminate, toggle_type: CannotBeToggled, menu_type: Standard, disposition: Normal, submenu: [] }] }) })[0m
Location: [35m/home/delta/.cargo/registry/src/github.com-1ecc6299db9ec823/stray-0.1.3/src/notifier_watcher/mod.rs[0m:[35m284[0m

Backtrace omitted. Run with RUST_BACKTRACE=1 environment variable to display it.
Run with RUST_BACKTRACE=full to include source snippets.
[2m2023-04-16T15:03:29.222884Z[0m [32m INFO[0m [2mstray::dbus::notifier_watcher_service[0m[2m:[0m StatusNotifierItem registered: ':1.107/org/ayatana/NotificationItem/steam'
[2m2023-04-16T15:03:29.223115Z[0m [32m INFO[0m [2mstray::notifier_watcher[0m[2m:[0m StatusNotifierItemRegistered signal received service=:1.107/org/ayatana/NotificationItem/steam
[2m2023-04-16T15:03:29.324771Z[0m [32m INFO[0m [2mstray::notifier_watcher[0m[2m:[0m StatusNotifierItem updated, dbus-address=:1.107
[2m2023-04-16T15:03:29.324862Z[0m [31mERROR[0m [2mironbar::logging[0m[2m:[0m [31mThe application panicked (crashed).[0m
Message:  [36mFailed to dispatch NotifierItemMessage: SendError(Update { address: ":1.107", item: StatusNotifierItem { id: "steam", category: ApplicationStatus, status: Passive, icon_name: Some("steam_tray_mono"), icon_accessible_desc: Some(""), attention_icon_name: Some(""), title: Some("Steam"), icon_theme_path: Some("/home/delta/.local/share/Steam/public"), icon_pixmap: None, menu: Some("/org/ayatana/NotificationItem/steam/Menu") }, menu: Some(TrayMenu { id: 1702, submenus: [MenuItem { id: 844, children_display: None, label: "Counter-Strike: Global Offensive", enabled: true, visible: true, icon_name: None, toggle_state: Indeterminate, toggle_type: CannotBeToggled, menu_type: Standard, disposition: Normal, submenu: [] }, MenuItem { id: 845, children_display: None, label: "Dota 2", enabled: true, visible: true, icon_name: None, toggle_state: Indeterminate, toggle_type: CannotBeToggled, menu_type: Standard, disposition: Normal, submenu: [] }, MenuItem { id: 846, children_display: None, label: "Garry's Mod", enabled: true, visible: true, icon_name: None, toggle_state: Indeterminate, toggle_type: CannotBeToggled, menu_type: Standard, disposition: Normal, submenu: [] }, MenuItem { id: 847, children_display: None, label: "ULTRAKILL", enabled: true, visible: true, icon_name: None, toggle_state: Indeterminate, toggle_type: CannotBeToggled, menu_type: Standard, disposition: Normal, submenu: [] }, MenuItem { id: 848, children_display: None, label: "s&box", enabled: true, visible: true, icon_name: None, toggle_state: Indeterminate, toggle_type: CannotBeToggled, menu_type: Standard, disposition: Normal, submenu: [] }, MenuItem { id: 849, children_display: None, label: "", enabled: true, visible: true, icon_name: None, toggle_state: Indeterminate, toggle_type: CannotBeToggled, menu_type: Separator, disposition: Normal, submenu: [] }, MenuItem { id: 850, children_display: None, label: "Магазин", enabled: true, visible: true, icon_name: None, toggle_state: Indeterminate, toggle_type: CannotBeToggled, menu_type: Standard, disposition: Normal, submenu: [] }, MenuItem { id: 851, children_display: None, label: "Библиотека", enabled: true, visible: true, icon_name: None, toggle_state: Indeterminate, toggle_type: CannotBeToggled, menu_type: Standard, disposition: Normal, submenu: [] }, MenuItem { id: 852, children_display: None, label: "Сообщество", enabled: true, visible: true, icon_name: None, toggle_state: Indeterminate, toggle_type: CannotBeToggled, menu_type: Standard, disposition: Normal, submenu: [] }, MenuItem { id: 853, children_display: None, label: "", enabled: true, visible: true, icon_name: None, toggle_state: Indeterminate, toggle_type: CannotBeToggled, menu_type: Separator, disposition: Normal, submenu: [] }, MenuItem { id: 854, children_display: None, label: "Друзья", enabled: true, visible: true, icon_name: None, toggle_state: Indeterminate, toggle_type: CannotBeToggled, menu_type: Standard, disposition: Normal, submenu: [] }, MenuItem { id: 855, children_display: None, label: "Настройки", enabled: true, visible: true, icon_name: None, toggle_state: Indeterminate, toggle_type: CannotBeToggled, menu_type: Standard, disposition: Normal, submenu: [] }, MenuItem { id: 856, children_display: None, label: "", enabled: true, visible: true, icon_name: None, toggle_state: Indeterminate, toggle_type: CannotBeToggled, menu_type: Separator, disposition: Normal, submenu: [] }, MenuItem { id: 857, children_display: None, label: "Big Picture", enabled: true, visible: true, icon_name: None, toggle_state: Indeterminate, toggle_type: CannotBeToggled, menu_type: Standard, disposition: Normal, submenu: [] }, MenuItem { id: 858, children_display: None, label: "SteamVR", enabled: true, visible: true, icon_name: None, toggle_state: Indeterminate, toggle_type: CannotBeToggled, menu_type: Standard, disposition: Normal, submenu: [] }, MenuItem { id: 859, children_display: None, label: "Выйти из Steam", enabled: true, visible: true, icon_name: None, toggle_state: Indeterminate, toggle_type: CannotBeToggled, menu_type: Standard, disposition: Normal, submenu: [] }] }) })[0m
Location: [35m/home/delta/.cargo/registry/src/github.com-1ecc6299db9ec823/stray-0.1.3/src/notifier_watcher/mod.rs[0m:[35m284[0m

Backtrace omitted. Run with RUST_BACKTRACE=1 environment variable to display it.
Run with RUST_BACKTRACE=full to include source snippets.
[2m2023-04-16T15:03:38.083115Z[0m [32m INFO[0m [2mironbar[0m[2m:[0m Ironbar version 0.11.0
[2m2023-04-16T15:03:38.083151Z[0m [32m INFO[0m [2mironbar[0m[2m:[0m Starting application
[2m2023-04-16T15:03:38.182467Z[0m [32m INFO[0m [2mironbar[0m[2m:[0m Creating bar on 'DP-1'
[2m2023-04-16T15:03:38.187713Z[0m [32m INFO[0m [2mironbar::clients::compositor::hyprland[0m[2m:[0m Starting Hyprland event listener
[2m2023-04-16T15:03:38.189560Z[0m [31mERROR[0m [2mironbar::logging[0m[2m:[0m [31mThe application panicked (crashed).[0m
Message:  [36mError parsing data whith serde: invalid value: integer `-15`, expected u16 at line 39 column 23[0m
Location: [35m/home/delta/.cargo/registry/src/github.com-1ecc6299db9ec823/hyprland-0.3.1/src/event_listener/mutable.rs[0m:[35m53[0m

Backtrace omitted. Run with RUST_BACKTRACE=1 environment variable to display it.
Run with RUST_BACKTRACE=full to include source snippets.
[2m2023-04-16T15:03:38.189572Z[0m [32m INFO[0m [2mstray::notifier_watcher[0m[2m:[0m Starting notifier watcher
[2m2023-04-16T15:03:38.190536Z[0m [32m INFO[0m [2mstray::dbus::notifier_watcher_service[0m[2m:[0m StatusNotifierHost registered: 'org.freedesktop.StatusNotifierHost-549695-ironbar'
[2m2023-04-16T15:03:38.190663Z[0m [32m INFO[0m [2mstray::dbus::notifier_watcher_service[0m[2m:[0m StatusNotifierItem registered: ':1.9845/org/ayatana/NotificationItem/discord1'
[2m2023-04-16T15:03:38.191450Z[0m [32m INFO[0m [2mstray::notifier_watcher[0m[2m:[0m Got 1 notifier items
[2m2023-04-16T15:03:38.192521Z[0m [32m INFO[0m [2mstray::notifier_watcher[0m[2m:[0m StatusNotifierItem updated, dbus-address=:1.9845
[2m2023-04-16T15:03:38.235040Z[0m [32m INFO[0m [2mstray::dbus::notifier_watcher_service[0m[2m:[0m StatusNotifierItem registered: ':1.107/org/ayatana/NotificationItem/steam'
[2m2023-04-16T15:03:38.235287Z[0m [32m INFO[0m [2mstray::notifier_watcher[0m[2m:[0m StatusNotifierItemRegistered signal received service=:1.107/org/ayatana/NotificationItem/steam
[2m2023-04-16T15:03:38.287326Z[0m [32m INFO[0m [2mstray::notifier_watcher[0m[2m:[0m StatusNotifierItem updated, dbus-address=:1.107
[2m2023-04-16T15:46:22.568154Z[0m [32m INFO[0m [2mironbar[0m[2m:[0m Ironbar version 0.11.0
[2m2023-04-16T15:46:22.568178Z[0m [32m INFO[0m [2mironbar[0m[2m:[0m Starting application
[2m2023-04-16T15:46:22.623125Z[0m [32m INFO[0m [2mironbar[0m[2m:[0m Creating bar on 'DP-1'
[2m2023-04-16T15:46:22.625934Z[0m [32m INFO[0m [2mironbar::clients::compositor::hyprland[0m[2m:[0m Starting Hyprland event listener
[2m2023-04-16T15:46:22.626188Z[0m [31mERROR[0m [2mironbar::logging[0m[2m:[0m [31mThe application panicked (crashed).[0m
Message:  [36mError parsing data whith serde: invalid value: integer `-15`, expected u16 at line 39 column 23[0m
Location: [35m/home/delta/.cargo/registry/src/github.com-1ecc6299db9ec823/hyprland-0.3.1/src/event_listener/mutable.rs[0m:[35m53[0m

Backtrace omitted. Run with RUST_BACKTRACE=1 environment variable to display it.
Run with RUST_BACKTRACE=full to include source snippets.
[2m2023-04-16T15:46:22.627444Z[0m [32m INFO[0m [2mstray::notifier_watcher[0m[2m:[0m Starting notifier watcher
[2m2023-04-16T15:46:22.628905Z[0m [32m INFO[0m [2mstray::dbus::notifier_watcher_service[0m[2m:[0m StatusNotifierHost registered: 'org.freedesktop.StatusNotifierHost-602179-ironbar'
[2m2023-04-16T15:46:22.629086Z[0m [32m INFO[0m [2mstray::dbus::notifier_watcher_service[0m[2m:[0m StatusNotifierItem registered: ':1.9845/org/ayatana/NotificationItem/discord1'
[2m2023-04-16T15:46:22.630154Z[0m [32m INFO[0m [2mstray::notifier_watcher[0m[2m:[0m Got 1 notifier items
[2m2023-04-16T15:46:22.631697Z[0m [32m INFO[0m [2mstray::notifier_watcher[0m[2m:[0m StatusNotifierItem updated, dbus-address=:1.9845
[2m2023-04-16T15:46:22.675091Z[0m [32m INFO[0m [2mstray::dbus::notifier_watcher_service[0m[2m:[0m StatusNotifierItem registered: ':1.107/org/ayatana/NotificationItem/steam'
[2m2023-04-16T15:46:22.675288Z[0m [32m INFO[0m [2mstray::notifier_watcher[0m[2m:[0m StatusNotifierItemRegistered signal received service=:1.107/org/ayatana/NotificationItem/steam
[2m2023-04-16T15:46:22.777086Z[0m [32m INFO[0m [2mstray::notifier_watcher[0m[2m:[0m StatusNotifierItem updated, dbus-address=:1.107
[2m2023-04-16T15:49:55.942483Z[0m [31mERROR[0m [2mironbar::modules::focused[0m[2m:[0m 
   0: [91mUnknown image type: 'Microsoft-edge'[0m

Location:
   [35msrc/image/provider.rs[0m:[35m92[0m

Backtrace omitted. Run with RUST_BACKTRACE=1 environment variable to display it.
Run with RUST_BACKTRACE=full to include source snippets.
[2m2023-04-16T15:50:12.525778Z[0m [31mERROR[0m [2mironbar::modules::focused[0m[2m:[0m 
   0: [91mUnknown image type: 'Microsoft-edge'[0m

Location:
   [35msrc/image/provider.rs[0m:[35m92[0m

Backtrace omitted. Run with RUST_BACKTRACE=1 environment variable to display it.
Run with RUST_BACKTRACE=full to include source snippets.
[2m2023-04-16T15:50:15.677086Z[0m [31mERROR[0m [2mironbar::modules::focused[0m[2m:[0m 
   0: [91mUnknown image type: 'Microsoft-edge'[0m

Location:
   [35msrc/image/provider.rs[0m:[35m92[0m

Backtrace omitted. Run with RUST_BACKTRACE=1 environment variable to display it.
Run with RUST_BACKTRACE=full to include source snippets.
[2m2023-04-16T15:50:16.468358Z[0m [31mERROR[0m [2mironbar::modules::focused[0m[2m:[0m 
   0: [91mUnknown image type: 'Microsoft-edge'[0m

Location:
   [35msrc/image/provider.rs[0m:[35m92[0m

Backtrace omitted. Run with RUST_BACKTRACE=1 environment variable to display it.
Run with RUST_BACKTRACE=full to include source snippets.
[2m2023-04-16T15:50:17.190503Z[0m [31mERROR[0m [2mironbar::modules::focused[0m[2m:[0m 
   0: [91mUnknown image type: 'Microsoft-edge'[0m

Location:
   [35msrc/image/provider.rs[0m:[35m92[0m

Backtrace omitted. Run with RUST_BACKTRACE=1 environment variable to display it.
Run with RUST_BACKTRACE=full to include source snippets.
[2m2023-04-16T15:50:18.149279Z[0m [31mERROR[0m [2mironbar::modules::focused[0m[2m:[0m 
   0: [91mUnknown image type: 'Microsoft-edge'[0m

Location:
   [35msrc/image/provider.rs[0m:[35m92[0m

Backtrace omitted. Run with RUST_BACKTRACE=1 environment variable to display it.
Run with RUST_BACKTRACE=full to include source snippets.
[2m2023-04-16T15:50:18.821601Z[0m [31mERROR[0m [2mironbar::modules::focused[0m[2m:[0m 
   0: [91mUnknown image type: 'Microsoft-edge'[0m

Location:
   [35msrc/image/provider.rs[0m:[35m92[0m

Backtrace omitted. Run with RUST_BACKTRACE=1 environment variable to display it.
Run with RUST_BACKTRACE=full to include source snippets.
[2m2023-04-16T15:50:19.395914Z[0m [31mERROR[0m [2mironbar::modules::focused[0m[2m:[0m 
   0: [91mUnknown image type: 'Microsoft-edge'[0m

Location:
   [35msrc/image/provider.rs[0m:[35m92[0m

Backtrace omitted. Run with RUST_BACKTRACE=1 environment variable to display it.
Run with RUST_BACKTRACE=full to include source snippets.
[2m2023-04-16T15:50:29.376009Z[0m [31mERROR[0m [2mironbar::modules::focused[0m[2m:[0m 
   0: [91mUnknown image type: 'Microsoft-edge'[0m

Location:
   [35msrc/image/provider.rs[0m:[35m92[0m

Backtrace omitted. Run with RUST_BACKTRACE=1 environment variable to display it.
Run with RUST_BACKTRACE=full to include source snippets.
[2m2023-04-16T15:50:31.078087Z[0m [31mERROR[0m [2mironbar::modules::focused[0m[2m:[0m 
   0: [91mUnknown image type: 'Microsoft-edge'[0m

Location:
   [35msrc/image/provider.rs[0m:[35m92[0m

Backtrace omitted. Run with RUST_BACKTRACE=1 environment variable to display it.
Run with RUST_BACKTRACE=full to include source snippets.
[2m2023-04-16T15:50:49.999164Z[0m [31mERROR[0m [2mironbar::modules::focused[0m[2m:[0m 
   0: [91mUnknown image type: 'Microsoft-edge'[0m

Location:
   [35msrc/image/provider.rs[0m:[35m92[0m

Backtrace omitted. Run with RUST_BACKTRACE=1 environment variable to display it.
Run with RUST_BACKTRACE=full to include source snippets.
[2m2023-04-16T15:51:10.726529Z[0m [31mERROR[0m [2mironbar::modules::focused[0m[2m:[0m 
   0: [91mUnknown image type: 'Microsoft-edge'[0m

Location:
   [35msrc/image/provider.rs[0m:[35m92[0m

Backtrace omitted. Run with RUST_BACKTRACE=1 environment variable to display it.
Run with RUST_BACKTRACE=full to include source snippets.
[2m2023-04-16T15:55:37.910428Z[0m [32m INFO[0m [2mironbar[0m[2m:[0m Ironbar version 0.11.0
[2m2023-04-16T15:55:37.910457Z[0m [32m INFO[0m [2mironbar[0m[2m:[0m Starting application
[2m2023-04-16T15:55:38.058414Z[0m [32m INFO[0m [2mironbar[0m[2m:[0m Creating bar on 'DP-1'
[2m2023-04-16T15:55:38.063164Z[0m [32m INFO[0m [2mironbar::clients::compositor::hyprland[0m[2m:[0m Starting Hyprland event listener
[2m2023-04-16T15:55:38.064419Z[0m [32m INFO[0m [2mstray::notifier_watcher[0m[2m:[0m Starting notifier watcher
[2m2023-04-16T15:55:38.066125Z[0m [31mERROR[0m [2mironbar::logging[0m[2m:[0m [31mThe application panicked (crashed).[0m
Message:  [36mError parsing data whith serde: invalid value: integer `-15`, expected u16 at line 39 column 23[0m
Location: [35m/home/delta/.cargo/registry/src/github.com-1ecc6299db9ec823/hyprland-0.3.1/src/event_listener/mutable.rs[0m:[35m53[0m

Backtrace omitted. Run with RUST_BACKTRACE=1 environment variable to display it.
Run with RUST_BACKTRACE=full to include source snippets.
[2m2023-04-16T15:55:38.066670Z[0m [32m INFO[0m [2mstray::dbus::notifier_watcher_service[0m[2m:[0m StatusNotifierHost registered: 'org.freedesktop.StatusNotifierHost-606354-ironbar'
[2m2023-04-16T15:55:38.066802Z[0m [32m INFO[0m [2mstray::dbus::notifier_watcher_service[0m[2m:[0m StatusNotifierItem registered: ':1.9845/org/ayatana/NotificationItem/discord1'
[2m2023-04-16T15:55:38.067894Z[0m [32m INFO[0m [2mstray::notifier_watcher[0m[2m:[0m Got 1 notifier items
[2m2023-04-16T15:55:38.069361Z[0m [32m INFO[0m [2mstray::notifier_watcher[0m[2m:[0m StatusNotifierItem updated, dbus-address=:1.9845
[2m2023-04-16T15:55:38.077907Z[0m [32m INFO[0m [2mstray::dbus::notifier_watcher_service[0m[2m:[0m StatusNotifierItem registered: ':1.107/org/ayatana/NotificationItem/steam'
[2m2023-04-16T15:55:38.078065Z[0m [32m INFO[0m [2mstray::notifier_watcher[0m[2m:[0m StatusNotifierItemRegistered signal received service=:1.107/org/ayatana/NotificationItem/steam
[2m2023-04-16T15:55:38.129855Z[0m [32m INFO[0m [2mstray::notifier_watcher[0m[2m:[0m StatusNotifierItem updated, dbus-address=:1.107
[2m2023-04-16T15:55:39.447404Z[0m [31mERROR[0m [2mironbar::modules::focused[0m[2m:[0m 
   0: [91mUnknown image type: 'Microsoft-edge'[0m

Location:
   [35msrc/image/provider.rs[0m:[35m92[0m

Backtrace omitted. Run with RUST_BACKTRACE=1 environment variable to display it.
Run with RUST_BACKTRACE=full to include source snippets.
[2m2023-04-16T15:55:43.722535Z[0m [31mERROR[0m [2mironbar::modules::focused[0m[2m:[0m 
   0: [91mUnknown image type: 'Microsoft-edge'[0m

Location:
   [35msrc/image/provider.rs[0m:[35m92[0m

Backtrace omitted. Run with RUST_BACKTRACE=1 environment variable to display it.
Run with RUST_BACKTRACE=full to include source snippets.
[2m2023-04-16T15:56:30.695942Z[0m [31mERROR[0m [2mironbar::modules::focused[0m[2m:[0m 
   0: [91mUnknown image type: 'Microsoft-edge'[0m

Location:
   [35msrc/image/provider.rs[0m:[35m92[0m

Backtrace omitted. Run with RUST_BACKTRACE=1 environment variable to display it.
Run with RUST_BACKTRACE=full to include source snippets.
[2m2023-04-16T15:56:49.217946Z[0m [31mERROR[0m [2mironbar::modules::focused[0m[2m:[0m 
   0: [91mUnknown image type: 'Microsoft-edge'[0m

Location:
   [35msrc/image/provider.rs[0m:[35m92[0m

Backtrace omitted. Run with RUST_BACKTRACE=1 environment variable to display it.
Run with RUST_BACKTRACE=full to include source snippets.
[2m2023-04-16T15:57:28.690349Z[0m [31mERROR[0m [2mironbar::modules::focused[0m[2m:[0m 
   0: [91mUnknown image type: 'Microsoft-edge'[0m

Location:
   [35msrc/image/provider.rs[0m:[35m92[0m

Backtrace omitted. Run with RUST_BACKTRACE=1 environment variable to display it.
Run with RUST_BACKTRACE=full to include source snippets.
[2m2023-04-16T15:57:39.352736Z[0m [31mERROR[0m [2mironbar::modules::focused[0m[2m:[0m 
   0: [91mUnknown image type: 'Microsoft-edge'[0m

Location:
   [35msrc/image/provider.rs[0m:[35m92[0m

Backtrace omitted. Run with RUST_BACKTRACE=1 environment variable to display it.
Run with RUST_BACKTRACE=full to include source snippets.
[2m2023-04-16T15:57:39.353431Z[0m [31mERROR[0m [2mironbar::modules::focused[0m[2m:[0m 
   0: [91mUnknown image type: 'Microsoft-edge'[0m

Location:
   [35msrc/image/provider.rs[0m:[35m92[0m

Backtrace omitted. Run with RUST_BACKTRACE=1 environment variable to display it.
Run with RUST_BACKTRACE=full to include source snippets.
[2m2023-04-16T15:57:44.393301Z[0m [31mERROR[0m [2mironbar::modules::focused[0m[2m:[0m 
   0: [91mUnknown image type: 'Microsoft-edge'[0m

Location:
   [35msrc/image/provider.rs[0m:[35m92[0m

Backtrace omitted. Run with RUST_BACKTRACE=1 environment variable to display it.
Run with RUST_BACKTRACE=full to include source snippets.
[2m2023-04-16T15:57:50.037090Z[0m [32m INFO[0m [2mironbar::style[0m[2m:[0m Reloading CSS
[2m2023-04-16T15:57:50.037576Z[0m [32m INFO[0m [2mironbar::style[0m[2m:[0m Reloading CSS
[2m2023-04-16T15:57:50.038301Z[0m [31mERROR[0m [2mironbar::style[0m[2m:[0m 
   0: [91mFailed to load CSS[0m
   1: [91mstyle.css:217:16'aspect-ratio' is not a valid property name[0m

Location:
   [35msrc/style.rs[0m:[35m65[0m

[96mSuggestion[0m: Check the CSS file for errors
[96mSuggestion[0m: GTK CSS uses a subset of the full CSS spec and many properties are not available. Ensure you are not using any unsupported property.

Backtrace omitted. Run with RUST_BACKTRACE=1 environment variable to display it.
Run with RUST_BACKTRACE=full to include source snippets.
[2m2023-04-16T15:57:53.486278Z[0m [32m INFO[0m [2mironbar::style[0m[2m:[0m Reloading CSS
[2m2023-04-16T15:57:53.487789Z[0m [31mERROR[0m [2mironbar::style[0m[2m:[0m 
   0: [91mFailed to load CSS[0m
   1: [91mstyle.css:217:16'aspect-ratio' is not a valid property name[0m

Location:
   [35msrc/style.rs[0m:[35m65[0m

[96mSuggestion[0m: Check the CSS file for errors
[96mSuggestion[0m: GTK CSS uses a subset of the full CSS spec and many properties are not available. Ensure you are not using any unsupported property.

Backtrace omitted. Run with RUST_BACKTRACE=1 environment variable to display it.
Run with RUST_BACKTRACE=full to include source snippets.
[2m2023-04-16T15:57:53.487862Z[0m [32m INFO[0m [2mironbar::style[0m[2m:[0m Reloading CSS
[2m2023-04-16T15:57:53.488570Z[0m [31mERROR[0m [2mironbar::style[0m[2m:[0m 
   0: [91mFailed to load CSS[0m
   1: [91mstyle.css:217:16'aspect-ratio' is not a valid property name[0m

Location:
   [35msrc/style.rs[0m:[35m65[0m

[96mSuggestion[0m: Check the CSS file for errors
[96mSuggestion[0m: GTK CSS uses a subset of the full CSS spec and many properties are not available. Ensure you are not using any unsupported property.

Backtrace omitted. Run with RUST_BACKTRACE=1 environment variable to display it.
Run with RUST_BACKTRACE=full to include source snippets.
[2m2023-04-16T15:57:56.429547Z[0m [32m INFO[0m [2mironbar::style[0m[2m:[0m Reloading CSS
[2m2023-04-16T15:57:56.431107Z[0m [31mERROR[0m [2mironbar::style[0m[2m:[0m 
   0: [91mFailed to load CSS[0m
   1: [91mstyle.css:217:16'aspect-ratio' is not a valid property name[0m

Location:
   [35msrc/style.rs[0m:[35m65[0m

[96mSuggestion[0m: Check the CSS file for errors
[96mSuggestion[0m: GTK CSS uses a subset of the full CSS spec and many properties are not available. Ensure you are not using any unsupported property.

Backtrace omitted. Run with RUST_BACKTRACE=1 environment variable to display it.
Run with RUST_BACKTRACE=full to include source snippets.
[2m2023-04-16T15:57:56.431185Z[0m [32m INFO[0m [2mironbar::style[0m[2m:[0m Reloading CSS
[2m2023-04-16T15:57:56.432460Z[0m [31mERROR[0m [2mironbar::style[0m[2m:[0m 
   0: [91mFailed to load CSS[0m
   1: [91mstyle.css:217:16'aspect-ratio' is not a valid property name[0m

Location:
   [35msrc/style.rs[0m:[35m65[0m

[96mSuggestion[0m: Check the CSS file for errors
[96mSuggestion[0m: GTK CSS uses a subset of the full CSS spec and many properties are not available. Ensure you are not using any unsupported property.

Backtrace omitted. Run with RUST_BACKTRACE=1 environment variable to display it.
Run with RUST_BACKTRACE=full to include source snippets.
[2m2023-04-16T15:57:58.778518Z[0m [32m INFO[0m [2mironbar::style[0m[2m:[0m Reloading CSS
[2m2023-04-16T15:57:58.780287Z[0m [31mERROR[0m [2mironbar::style[0m[2m:[0m 
   0: [91mFailed to load CSS[0m
   1: [91mstyle.css:217:16'aspect-ratio' is not a valid property name[0m

Location:
   [35msrc/style.rs[0m:[35m65[0m

[96mSuggestion[0m: Check the CSS file for errors
[96mSuggestion[0m: GTK CSS uses a subset of the full CSS spec and many properties are not available. Ensure you are not using any unsupported property.

Backtrace omitted. Run with RUST_BACKTRACE=1 environment variable to display it.
Run with RUST_BACKTRACE=full to include source snippets.
[2m2023-04-16T15:57:58.780343Z[0m [32m INFO[0m [2mironbar::style[0m[2m:[0m Reloading CSS
[2m2023-04-16T15:57:58.781080Z[0m [31mERROR[0m [2mironbar::style[0m[2m:[0m 
   0: [91mFailed to load CSS[0m
   1: [91mstyle.css:217:16'aspect-ratio' is not a valid property name[0m

Location:
   [35msrc/style.rs[0m:[35m65[0m

[96mSuggestion[0m: Check the CSS file for errors
[96mSuggestion[0m: GTK CSS uses a subset of the full CSS spec and many properties are not available. Ensure you are not using any unsupported property.

Backtrace omitted. Run with RUST_BACKTRACE=1 environment variable to display it.
Run with RUST_BACKTRACE=full to include source snippets.
[2m2023-04-16T15:58:01.974172Z[0m [32m INFO[0m [2mironbar::style[0m[2m:[0m Reloading CSS
[2m2023-04-16T15:58:01.975721Z[0m [31mERROR[0m [2mironbar::style[0m[2m:[0m 
   0: [91mFailed to load CSS[0m
   1: [91mstyle.css:257:10expected '{' after selectors[0m

Location:
   [35msrc/style.rs[0m:[35m65[0m

[96mSuggestion[0m: Check the CSS file for errors
[96mSuggestion[0m: GTK CSS uses a subset of the full CSS spec and many properties are not available. Ensure you are not using any unsupported property.

Backtrace omitted. Run with RUST_BACKTRACE=1 environment variable to display it.
Run with RUST_BACKTRACE=full to include source snippets.
[2m2023-04-16T15:58:01.975798Z[0m [32m INFO[0m [2mironbar::style[0m[2m:[0m Reloading CSS
[2m2023-04-16T15:58:05.600577Z[0m [32m INFO[0m [2mironbar::style[0m[2m:[0m Reloading CSS
[2m2023-04-16T15:58:05.601482Z[0m [32m INFO[0m [2mironbar::style[0m[2m:[0m Reloading CSS
[2m2023-04-16T15:58:05.602613Z[0m [31mERROR[0m [2mironbar::style[0m[2m:[0m 
   0: [91mFailed to load CSS[0m
   1: [91mstyle.css:217:9'width' is not a valid property name[0m

Location:
   [35msrc/style.rs[0m:[35m65[0m

[96mSuggestion[0m: Check the CSS file for errors
[96mSuggestion[0m: GTK CSS uses a subset of the full CSS spec and many properties are not available. Ensure you are not using any unsupported property.

Backtrace omitted. Run with RUST_BACKTRACE=1 environment variable to display it.
Run with RUST_BACKTRACE=full to include source snippets.
[2m2023-04-16T15:58:13.638140Z[0m [32m INFO[0m [2mironbar::style[0m[2m:[0m Reloading CSS
[2m2023-04-16T15:58:13.640474Z[0m [32m INFO[0m [2mironbar::style[0m[2m:[0m Reloading CSS
[2m2023-04-16T15:58:45.684649Z[0m [32m INFO[0m [2mironbar::style[0m[2m:[0m Reloading CSS
[2m2023-04-16T15:58:45.685794Z[0m [32m INFO[0m [2mironbar::style[0m[2m:[0m Reloading CSS
[2m2023-04-16T15:58:46.367526Z[0m [31mERROR[0m [2mironbar::modules::focused[0m[2m:[0m 
   0: [91mUnknown image type: 'Microsoft-edge'[0m

Location:
   [35msrc/image/provider.rs[0m:[35m92[0m

Backtrace omitted. Run with RUST_BACKTRACE=1 environment variable to display it.
Run with RUST_BACKTRACE=full to include source snippets.
[2m2023-04-16T15:59:14.872692Z[0m [32m INFO[0m [2mironbar::style[0m[2m:[0m Reloading CSS
[2m2023-04-16T15:59:14.874354Z[0m [32m INFO[0m [2mironbar::style[0m[2m:[0m Reloading CSS
[2m2023-04-16T15:59:18.362828Z[0m [32m INFO[0m [2mironbar::style[0m[2m:[0m Reloading CSS
[2m2023-04-16T15:59:18.364362Z[0m [31mERROR[0m [2mironbar::style[0m[2m:[0m 
   0: [91mFailed to load CSS[0m
   1: [91mstyle.css:249:7'gap' is not a valid property name[0m

Location:
   [35msrc/style.rs[0m:[35m65[0m

[96mSuggestion[0m: Check the CSS file for errors
[96mSuggestion[0m: GTK CSS uses a subset of the full CSS spec and many properties are not available. Ensure you are not using any unsupported property.

Backtrace omitted. Run with RUST_BACKTRACE=1 environment variable to display it.
Run with RUST_BACKTRACE=full to include source snippets.
[2m2023-04-16T15:59:18.364441Z[0m [32m INFO[0m [2mironbar::style[0m[2m:[0m Reloading CSS
[2m2023-04-16T15:59:18.365633Z[0m [31mERROR[0m [2mironbar::style[0m[2m:[0m 
   0: [91mFailed to load CSS[0m
   1: [91mstyle.css:249:7'gap' is not a valid property name[0m

Location:
   [35msrc/style.rs[0m:[35m65[0m

[96mSuggestion[0m: Check the CSS file for errors
[96mSuggestion[0m: GTK CSS uses a subset of the full CSS spec and many properties are not available. Ensure you are not using any unsupported property.

Backtrace omitted. Run with RUST_BACKTRACE=1 environment variable to display it.
Run with RUST_BACKTRACE=full to include source snippets.
[2m2023-04-16T15:59:19.153036Z[0m [31mERROR[0m [2mironbar::modules::focused[0m[2m:[0m 
   0: [91mUnknown image type: 'Microsoft-edge'[0m

Location:
   [35msrc/image/provider.rs[0m:[35m92[0m

Backtrace omitted. Run with RUST_BACKTRACE=1 environment variable to display it.
Run with RUST_BACKTRACE=full to include source snippets.
[2m2023-04-16T15:59:29.212734Z[0m [32m INFO[0m [2mironbar::style[0m[2m:[0m Reloading CSS
[2m2023-04-16T15:59:29.214048Z[0m [31mERROR[0m [2mironbar::style[0m[2m:[0m 
   0: [91mFailed to load CSS[0m
   1: [91mstyle.css:249:7'gap' is not a valid property name[0m

Location:
   [35msrc/style.rs[0m:[35m65[0m

[96mSuggestion[0m: Check the CSS file for errors
[96mSuggestion[0m: GTK CSS uses a subset of the full CSS spec and many properties are not available. Ensure you are not using any unsupported property.

Backtrace omitted. Run with RUST_BACKTRACE=1 environment variable to display it.
Run with RUST_BACKTRACE=full to include source snippets.
[2m2023-04-16T15:59:29.214154Z[0m [32m INFO[0m [2mironbar::style[0m[2m:[0m Reloading CSS
[2m2023-04-16T15:59:29.215206Z[0m [31mERROR[0m [2mironbar::style[0m[2m:[0m 
   0: [91mFailed to load CSS[0m
   1: [91mstyle.css:249:7'gap' is not a valid property name[0m

Location:
   [35msrc/style.rs[0m:[35m65[0m

[96mSuggestion[0m: Check the CSS file for errors
[96mSuggestion[0m: GTK CSS uses a subset of the full CSS spec and many properties are not available. Ensure you are not using any unsupported property.

Backtrace omitted. Run with RUST_BACKTRACE=1 environment variable to display it.
Run with RUST_BACKTRACE=full to include source snippets.
[2m2023-04-16T15:59:32.249646Z[0m [32m INFO[0m [2mironbar::style[0m[2m:[0m Reloading CSS
[2m2023-04-16T15:59:32.251163Z[0m [31mERROR[0m [2mironbar::style[0m[2m:[0m 
   0: [91mFailed to load CSS[0m
   1: [91mstyle.css:249:7'gap' is not a valid property name[0m

Location:
   [35msrc/style.rs[0m:[35m65[0m

[96mSuggestion[0m: Check the CSS file for errors
[96mSuggestion[0m: GTK CSS uses a subset of the full CSS spec and many properties are not available. Ensure you are not using any unsupported property.

Backtrace omitted. Run with RUST_BACKTRACE=1 environment variable to display it.
Run with RUST_BACKTRACE=full to include source snippets.
[2m2023-04-16T15:59:32.251240Z[0m [32m INFO[0m [2mironbar::style[0m[2m:[0m Reloading CSS
[2m2023-04-16T15:59:32.252508Z[0m [31mERROR[0m [2mironbar::style[0m[2m:[0m 
   0: [91mFailed to load CSS[0m
   1: [91mstyle.css:249:7'gap' is not a valid property name[0m

Location:
   [35msrc/style.rs[0m:[35m65[0m

[96mSuggestion[0m: Check the CSS file for errors
[96mSuggestion[0m: GTK CSS uses a subset of the full CSS spec and many properties are not available. Ensure you are not using any unsupported property.

Backtrace omitted. Run with RUST_BACKTRACE=1 environment variable to display it.
Run with RUST_BACKTRACE=full to include source snippets.
[2m2023-04-16T15:59:36.393978Z[0m [32m INFO[0m [2mironbar::style[0m[2m:[0m Reloading CSS
[2m2023-04-16T15:59:36.394873Z[0m [31mERROR[0m [2mironbar::style[0m[2m:[0m 
   0: [91mFailed to load CSS[0m
   1: [91mstyle.css:249:7'gap' is not a valid property name[0m

Location:
   [35msrc/style.rs[0m:[35m65[0m

[96mSuggestion[0m: Check the CSS file for errors
[96mSuggestion[0m: GTK CSS uses a subset of the full CSS spec and many properties are not available. Ensure you are not using any unsupported property.

Backtrace omitted. Run with RUST_BACKTRACE=1 environment variable to display it.
Run with RUST_BACKTRACE=full to include source snippets.
[2m2023-04-16T15:59:36.394918Z[0m [32m INFO[0m [2mironbar::style[0m[2m:[0m Reloading CSS
[2m2023-04-16T15:59:36.395597Z[0m [31mERROR[0m [2mironbar::style[0m[2m:[0m 
   0: [91mFailed to load CSS[0m
   1: [91mstyle.css:249:7'gap' is not a valid property name[0m

Location:
   [35msrc/style.rs[0m:[35m65[0m

[96mSuggestion[0m: Check the CSS file for errors
[96mSuggestion[0m: GTK CSS uses a subset of the full CSS spec and many properties are not available. Ensure you are not using any unsupported property.

Backtrace omitted. Run with RUST_BACKTRACE=1 environment variable to display it.
Run with RUST_BACKTRACE=full to include source snippets.
[2m2023-04-16T16:00:12.243505Z[0m [32m INFO[0m [2mironbar::style[0m[2m:[0m Reloading CSS
[2m2023-04-16T16:00:12.245476Z[0m [32m INFO[0m [2mironbar::style[0m[2m:[0m Reloading CSS
[2m2023-04-16T16:00:13.191680Z[0m [31mERROR[0m [2mironbar::modules::focused[0m[2m:[0m 
   0: [91mUnknown image type: 'Microsoft-edge'[0m

Location:
   [35msrc/image/provider.rs[0m:[35m92[0m

Backtrace omitted. Run with RUST_BACKTRACE=1 environment variable to display it.
Run with RUST_BACKTRACE=full to include source snippets.
[2m2023-04-16T16:00:33.848583Z[0m [31mERROR[0m [2mironbar::modules::focused[0m[2m:[0m 
   0: [91mUnknown image type: 'Microsoft-edge'[0m

Location:
   [35msrc/image/provider.rs[0m:[35m92[0m

Backtrace omitted. Run with RUST_BACKTRACE=1 environment variable to display it.
Run with RUST_BACKTRACE=full to include source snippets.
[2m2023-04-16T16:00:38.409327Z[0m [31mERROR[0m [2mironbar::modules::focused[0m[2m:[0m 
   0: [91mUnknown image type: 'Microsoft-edge'[0m

Location:
   [35msrc/image/provider.rs[0m:[35m92[0m

Backtrace omitted. Run with RUST_BACKTRACE=1 environment variable to display it.
Run with RUST_BACKTRACE=full to include source snippets.
[2m2023-04-16T16:00:44.748530Z[0m [31mERROR[0m [2mironbar::modules::focused[0m[2m:[0m 
   0: [91mUnknown image type: 'Microsoft-edge'[0m

Location:
   [35msrc/image/provider.rs[0m:[35m92[0m

Backtrace omitted. Run with RUST_BACKTRACE=1 environment variable to display it.
Run with RUST_BACKTRACE=full to include source snippets.
[2m2023-04-16T16:00:58.505450Z[0m [31mERROR[0m [2mironbar::modules::focused[0m[2m:[0m 
   0: [91mUnknown image type: 'Microsoft-edge'[0m

Location:
   [35msrc/image/provider.rs[0m:[35m92[0m

Backtrace omitted. Run with RUST_BACKTRACE=1 environment variable to display it.
Run with RUST_BACKTRACE=full to include source snippets.
[2m2023-04-16T16:01:17.238476Z[0m [31mERROR[0m [2mironbar::modules::focused[0m[2m:[0m 
   0: [91mUnknown image type: 'Microsoft-edge'[0m

Location:
   [35msrc/image/provider.rs[0m:[35m92[0m

Backtrace omitted. Run with RUST_BACKTRACE=1 environment variable to display it.
Run with RUST_BACKTRACE=full to include source snippets.
